INFO  [2016-11-03 13:53:24,540] io.dropwizard.cli.CheckCommand: Configuration is OK
INFO  [2016-11-03 13:53:27,507] org.eclipse.jetty.util.log: Logging initialized @1266ms
INFO  [2016-11-03 13:53:27,585] io.dropwizard.assets.AssetsBundle: Registering AssetBundle with name: assets for path /assets/*
INFO  [2016-11-03 13:53:27,640] io.dropwizard.server.ServerFactory: Starting DiscoveryDiaryApplication
INFO  [2016-11-03 13:53:27,744] org.eclipse.jetty.setuid.SetUIDListener: Opened application@285c08c8{HTTP/1.1}{0.0.0.0:8901}
INFO  [2016-11-03 13:53:27,745] org.eclipse.jetty.setuid.SetUIDListener: Opened admin@295eaa7c{HTTP/1.1}{0.0.0.0:8902}
INFO  [2016-11-03 13:53:27,747] org.eclipse.jetty.server.Server: jetty-9.2.z-SNAPSHOT
INFO  [2016-11-03 13:53:28,495] io.dropwizard.jersey.DropwizardResourceConfig: The following paths were found for the configured resources:

    GET     / (com.kainos.discoverydiary.resources.HomeResource)
    GET     /people (com.kainos.discoverydiary.resources.PeopleResource)
    GET     /people/add (com.kainos.discoverydiary.resources.PeopleResource)
    POST    /people/add (com.kainos.discoverydiary.resources.PeopleResource)

INFO  [2016-11-03 13:53:28,497] org.eclipse.jetty.server.handler.ContextHandler: Started i.d.j.MutableServletContextHandler@7a344b65{/,null,AVAILABLE}
INFO  [2016-11-03 13:53:28,501] io.dropwizard.setup.AdminEnvironment: tasks = 

    POST    /tasks/log-level (io.dropwizard.servlets.tasks.LogConfigurationTask)
    POST    /tasks/gc (io.dropwizard.servlets.tasks.GarbageCollectionTask)

WARN  [2016-11-03 13:53:28,502] io.dropwizard.setup.AdminEnvironment: 
!!!!!!!!!!!!!!!!!!!!!!!!!!!!!!!!!!!!!!!!!!!!!!!!!!!!!!!!!!!!!!!!!!!!!!!!!!!!!!!!
!!!!!!!!!!!!!!!!!!!!!!!!!!!!!!!!!!!!!!!!!!!!!!!!!!!!!!!!!!!!!!!!!!!!!!!!!!!!!!!!
!    THIS APPLICATION HAS NO HEALTHCHECKS. THIS MEANS YOU WILL NEVER KNOW      !
!     IF IT DIES IN PRODUCTION, WHICH MEANS YOU WILL NEVER KNOW IF YOU'RE      !
!    LETTING YOUR USERS DOWN. YOU SHOULD ADD A HEALTHCHECK FOR EACH OF YOUR    !
!         APPLICATION'S DEPENDENCIES WHICH FULLY (BUT LIGHTLY) TESTS IT.       !
!!!!!!!!!!!!!!!!!!!!!!!!!!!!!!!!!!!!!!!!!!!!!!!!!!!!!!!!!!!!!!!!!!!!!!!!!!!!!!!!
!!!!!!!!!!!!!!!!!!!!!!!!!!!!!!!!!!!!!!!!!!!!!!!!!!!!!!!!!!!!!!!!!!!!!!!!!!!!!!!!
INFO  [2016-11-03 13:53:28,506] org.eclipse.jetty.server.handler.ContextHandler: Started i.d.j.MutableServletContextHandler@141e879d{/,null,AVAILABLE}
INFO  [2016-11-03 13:53:28,520] org.eclipse.jetty.server.ServerConnector: Started application@285c08c8{HTTP/1.1}{0.0.0.0:8901}
INFO  [2016-11-03 13:53:28,522] org.eclipse.jetty.server.ServerConnector: Started admin@295eaa7c{HTTP/1.1}{0.0.0.0:8902}
INFO  [2016-11-03 13:53:28,523] org.eclipse.jetty.server.Server: Started @2282ms
INFO  [2016-11-03 14:07:14,375] org.eclipse.jetty.server.ServerConnector: Stopped application@285c08c8{HTTP/1.1}{0.0.0.0:8901}
INFO  [2016-11-03 14:07:14,375] org.eclipse.jetty.server.ServerConnector: Stopped admin@295eaa7c{HTTP/1.1}{0.0.0.0:8902}
INFO  [2016-11-03 14:07:14,376] org.eclipse.jetty.server.handler.ContextHandler: Stopped i.d.j.MutableServletContextHandler@141e879d{/,null,UNAVAILABLE}
INFO  [2016-11-03 14:07:14,379] org.eclipse.jetty.server.handler.ContextHandler: Stopped i.d.j.MutableServletContextHandler@7a344b65{/,null,UNAVAILABLE}
INFO  [2016-11-03 14:07:25,786] io.dropwizard.cli.CheckCommand: Configuration is OK
INFO  [2016-11-03 14:07:28,607] org.eclipse.jetty.util.log: Logging initialized @1212ms
INFO  [2016-11-03 14:07:28,683] io.dropwizard.assets.AssetsBundle: Registering AssetBundle with name: assets for path /assets/*
INFO  [2016-11-03 14:07:28,726] io.dropwizard.server.ServerFactory: Starting DiscoveryDiaryApplication
INFO  [2016-11-03 14:07:28,807] org.eclipse.jetty.setuid.SetUIDListener: Opened application@285c08c8{HTTP/1.1}{0.0.0.0:8901}
INFO  [2016-11-03 14:07:28,809] org.eclipse.jetty.setuid.SetUIDListener: Opened admin@295eaa7c{HTTP/1.1}{0.0.0.0:8902}
INFO  [2016-11-03 14:07:28,813] org.eclipse.jetty.server.Server: jetty-9.2.z-SNAPSHOT
INFO  [2016-11-03 14:07:29,489] io.dropwizard.jersey.DropwizardResourceConfig: The following paths were found for the configured resources:

    GET     / (com.kainos.discoverydiary.resources.HomeResource)
    GET     /people (com.kainos.discoverydiary.resources.PeopleResource)
    GET     /people/add (com.kainos.discoverydiary.resources.PeopleResource)
    POST    /people/add (com.kainos.discoverydiary.resources.PeopleResource)

INFO  [2016-11-03 14:07:29,492] org.eclipse.jetty.server.handler.ContextHandler: Started i.d.j.MutableServletContextHandler@7a344b65{/,null,AVAILABLE}
INFO  [2016-11-03 14:07:29,496] io.dropwizard.setup.AdminEnvironment: tasks = 

    POST    /tasks/log-level (io.dropwizard.servlets.tasks.LogConfigurationTask)
    POST    /tasks/gc (io.dropwizard.servlets.tasks.GarbageCollectionTask)

WARN  [2016-11-03 14:07:29,497] io.dropwizard.setup.AdminEnvironment: 
!!!!!!!!!!!!!!!!!!!!!!!!!!!!!!!!!!!!!!!!!!!!!!!!!!!!!!!!!!!!!!!!!!!!!!!!!!!!!!!!
!!!!!!!!!!!!!!!!!!!!!!!!!!!!!!!!!!!!!!!!!!!!!!!!!!!!!!!!!!!!!!!!!!!!!!!!!!!!!!!!
!    THIS APPLICATION HAS NO HEALTHCHECKS. THIS MEANS YOU WILL NEVER KNOW      !
!     IF IT DIES IN PRODUCTION, WHICH MEANS YOU WILL NEVER KNOW IF YOU'RE      !
!    LETTING YOUR USERS DOWN. YOU SHOULD ADD A HEALTHCHECK FOR EACH OF YOUR    !
!         APPLICATION'S DEPENDENCIES WHICH FULLY (BUT LIGHTLY) TESTS IT.       !
!!!!!!!!!!!!!!!!!!!!!!!!!!!!!!!!!!!!!!!!!!!!!!!!!!!!!!!!!!!!!!!!!!!!!!!!!!!!!!!!
!!!!!!!!!!!!!!!!!!!!!!!!!!!!!!!!!!!!!!!!!!!!!!!!!!!!!!!!!!!!!!!!!!!!!!!!!!!!!!!!
INFO  [2016-11-03 14:07:29,502] org.eclipse.jetty.server.handler.ContextHandler: Started i.d.j.MutableServletContextHandler@141e879d{/,null,AVAILABLE}
INFO  [2016-11-03 14:07:29,511] org.eclipse.jetty.server.ServerConnector: Started application@285c08c8{HTTP/1.1}{0.0.0.0:8901}
INFO  [2016-11-03 14:07:29,514] org.eclipse.jetty.server.ServerConnector: Started admin@295eaa7c{HTTP/1.1}{0.0.0.0:8902}
INFO  [2016-11-03 14:07:29,514] org.eclipse.jetty.server.Server: Started @2120ms
INFO  [2016-11-03 14:08:38,218] org.eclipse.jetty.server.ServerConnector: Stopped application@285c08c8{HTTP/1.1}{0.0.0.0:8901}
INFO  [2016-11-03 14:08:38,219] org.eclipse.jetty.server.ServerConnector: Stopped admin@295eaa7c{HTTP/1.1}{0.0.0.0:8902}
INFO  [2016-11-03 14:08:38,220] org.eclipse.jetty.server.handler.ContextHandler: Stopped i.d.j.MutableServletContextHandler@141e879d{/,null,UNAVAILABLE}
INFO  [2016-11-03 14:08:38,223] org.eclipse.jetty.server.handler.ContextHandler: Stopped i.d.j.MutableServletContextHandler@7a344b65{/,null,UNAVAILABLE}
INFO  [2016-11-03 14:08:51,447] io.dropwizard.cli.CheckCommand: Configuration is OK
INFO  [2016-11-03 14:08:54,463] org.eclipse.jetty.util.log: Logging initialized @1400ms
INFO  [2016-11-03 14:08:54,574] io.dropwizard.assets.AssetsBundle: Registering AssetBundle with name: assets for path /assets/*
INFO  [2016-11-03 14:08:54,626] io.dropwizard.server.ServerFactory: Starting DiscoveryDiaryApplication
INFO  [2016-11-03 14:08:54,735] org.eclipse.jetty.setuid.SetUIDListener: Opened application@285c08c8{HTTP/1.1}{0.0.0.0:8901}
INFO  [2016-11-03 14:08:54,736] org.eclipse.jetty.setuid.SetUIDListener: Opened admin@295eaa7c{HTTP/1.1}{0.0.0.0:8902}
INFO  [2016-11-03 14:08:54,739] org.eclipse.jetty.server.Server: jetty-9.2.z-SNAPSHOT
INFO  [2016-11-03 14:08:55,445] io.dropwizard.jersey.DropwizardResourceConfig: The following paths were found for the configured resources:

    GET     / (com.kainos.discoverydiary.resources.HomeResource)
    GET     /people (com.kainos.discoverydiary.resources.PeopleResource)
    GET     /people/add (com.kainos.discoverydiary.resources.PeopleResource)
    POST    /people/add (com.kainos.discoverydiary.resources.PeopleResource)

INFO  [2016-11-03 14:08:55,448] org.eclipse.jetty.server.handler.ContextHandler: Started i.d.j.MutableServletContextHandler@7a344b65{/,null,AVAILABLE}
INFO  [2016-11-03 14:08:55,453] io.dropwizard.setup.AdminEnvironment: tasks = 

    POST    /tasks/log-level (io.dropwizard.servlets.tasks.LogConfigurationTask)
    POST    /tasks/gc (io.dropwizard.servlets.tasks.GarbageCollectionTask)

WARN  [2016-11-03 14:08:55,454] io.dropwizard.setup.AdminEnvironment: 
!!!!!!!!!!!!!!!!!!!!!!!!!!!!!!!!!!!!!!!!!!!!!!!!!!!!!!!!!!!!!!!!!!!!!!!!!!!!!!!!
!!!!!!!!!!!!!!!!!!!!!!!!!!!!!!!!!!!!!!!!!!!!!!!!!!!!!!!!!!!!!!!!!!!!!!!!!!!!!!!!
!    THIS APPLICATION HAS NO HEALTHCHECKS. THIS MEANS YOU WILL NEVER KNOW      !
!     IF IT DIES IN PRODUCTION, WHICH MEANS YOU WILL NEVER KNOW IF YOU'RE      !
!    LETTING YOUR USERS DOWN. YOU SHOULD ADD A HEALTHCHECK FOR EACH OF YOUR    !
!         APPLICATION'S DEPENDENCIES WHICH FULLY (BUT LIGHTLY) TESTS IT.       !
!!!!!!!!!!!!!!!!!!!!!!!!!!!!!!!!!!!!!!!!!!!!!!!!!!!!!!!!!!!!!!!!!!!!!!!!!!!!!!!!
!!!!!!!!!!!!!!!!!!!!!!!!!!!!!!!!!!!!!!!!!!!!!!!!!!!!!!!!!!!!!!!!!!!!!!!!!!!!!!!!
INFO  [2016-11-03 14:08:55,459] org.eclipse.jetty.server.handler.ContextHandler: Started i.d.j.MutableServletContextHandler@141e879d{/,null,AVAILABLE}
INFO  [2016-11-03 14:08:55,470] org.eclipse.jetty.server.ServerConnector: Started application@285c08c8{HTTP/1.1}{0.0.0.0:8901}
INFO  [2016-11-03 14:08:55,472] org.eclipse.jetty.server.ServerConnector: Started admin@295eaa7c{HTTP/1.1}{0.0.0.0:8902}
INFO  [2016-11-03 14:08:55,472] org.eclipse.jetty.server.Server: Started @2411ms
INFO  [2016-11-03 14:12:17,460] org.eclipse.jetty.server.ServerConnector: Stopped application@285c08c8{HTTP/1.1}{0.0.0.0:8901}
INFO  [2016-11-03 14:12:17,461] org.eclipse.jetty.server.ServerConnector: Stopped admin@295eaa7c{HTTP/1.1}{0.0.0.0:8902}
INFO  [2016-11-03 14:12:17,462] org.eclipse.jetty.server.handler.ContextHandler: Stopped i.d.j.MutableServletContextHandler@141e879d{/,null,UNAVAILABLE}
INFO  [2016-11-03 14:12:17,465] org.eclipse.jetty.server.handler.ContextHandler: Stopped i.d.j.MutableServletContextHandler@7a344b65{/,null,UNAVAILABLE}
INFO  [2016-11-03 14:12:29,826] io.dropwizard.cli.CheckCommand: Configuration is OK
INFO  [2016-11-03 14:12:32,918] org.eclipse.jetty.util.log: Logging initialized @1420ms
INFO  [2016-11-03 14:12:33,007] io.dropwizard.assets.AssetsBundle: Registering AssetBundle with name: assets for path /assets/*
INFO  [2016-11-03 14:12:33,049] io.dropwizard.server.ServerFactory: Starting DiscoveryDiaryApplication
INFO  [2016-11-03 14:12:33,160] org.eclipse.jetty.setuid.SetUIDListener: Opened application@285c08c8{HTTP/1.1}{0.0.0.0:8901}
INFO  [2016-11-03 14:12:33,161] org.eclipse.jetty.setuid.SetUIDListener: Opened admin@295eaa7c{HTTP/1.1}{0.0.0.0:8902}
INFO  [2016-11-03 14:12:33,165] org.eclipse.jetty.server.Server: jetty-9.2.z-SNAPSHOT
INFO  [2016-11-03 14:12:33,870] io.dropwizard.jersey.DropwizardResourceConfig: The following paths were found for the configured resources:

    GET     / (com.kainos.discoverydiary.resources.HomeResource)
    GET     /people (com.kainos.discoverydiary.resources.PeopleResource)
    GET     /people/add (com.kainos.discoverydiary.resources.PeopleResource)
    POST    /people/add (com.kainos.discoverydiary.resources.PeopleResource)

INFO  [2016-11-03 14:12:33,872] org.eclipse.jetty.server.handler.ContextHandler: Started i.d.j.MutableServletContextHandler@7a344b65{/,null,AVAILABLE}
INFO  [2016-11-03 14:12:33,876] io.dropwizard.setup.AdminEnvironment: tasks = 

    POST    /tasks/log-level (io.dropwizard.servlets.tasks.LogConfigurationTask)
    POST    /tasks/gc (io.dropwizard.servlets.tasks.GarbageCollectionTask)

WARN  [2016-11-03 14:12:33,877] io.dropwizard.setup.AdminEnvironment: 
!!!!!!!!!!!!!!!!!!!!!!!!!!!!!!!!!!!!!!!!!!!!!!!!!!!!!!!!!!!!!!!!!!!!!!!!!!!!!!!!
!!!!!!!!!!!!!!!!!!!!!!!!!!!!!!!!!!!!!!!!!!!!!!!!!!!!!!!!!!!!!!!!!!!!!!!!!!!!!!!!
!    THIS APPLICATION HAS NO HEALTHCHECKS. THIS MEANS YOU WILL NEVER KNOW      !
!     IF IT DIES IN PRODUCTION, WHICH MEANS YOU WILL NEVER KNOW IF YOU'RE      !
!    LETTING YOUR USERS DOWN. YOU SHOULD ADD A HEALTHCHECK FOR EACH OF YOUR    !
!         APPLICATION'S DEPENDENCIES WHICH FULLY (BUT LIGHTLY) TESTS IT.       !
!!!!!!!!!!!!!!!!!!!!!!!!!!!!!!!!!!!!!!!!!!!!!!!!!!!!!!!!!!!!!!!!!!!!!!!!!!!!!!!!
!!!!!!!!!!!!!!!!!!!!!!!!!!!!!!!!!!!!!!!!!!!!!!!!!!!!!!!!!!!!!!!!!!!!!!!!!!!!!!!!
INFO  [2016-11-03 14:12:33,881] org.eclipse.jetty.server.handler.ContextHandler: Started i.d.j.MutableServletContextHandler@141e879d{/,null,AVAILABLE}
INFO  [2016-11-03 14:12:33,891] org.eclipse.jetty.server.ServerConnector: Started application@285c08c8{HTTP/1.1}{0.0.0.0:8901}
INFO  [2016-11-03 14:12:33,893] org.eclipse.jetty.server.ServerConnector: Started admin@295eaa7c{HTTP/1.1}{0.0.0.0:8902}
INFO  [2016-11-03 14:12:33,894] org.eclipse.jetty.server.Server: Started @2397ms
INFO  [2016-11-03 14:30:04,209] org.eclipse.jetty.server.ServerConnector: Stopped application@285c08c8{HTTP/1.1}{0.0.0.0:8901}
INFO  [2016-11-03 14:30:04,209] org.eclipse.jetty.server.ServerConnector: Stopped admin@295eaa7c{HTTP/1.1}{0.0.0.0:8902}
INFO  [2016-11-03 14:30:04,210] org.eclipse.jetty.server.handler.ContextHandler: Stopped i.d.j.MutableServletContextHandler@141e879d{/,null,UNAVAILABLE}
INFO  [2016-11-03 14:30:04,213] org.eclipse.jetty.server.handler.ContextHandler: Stopped i.d.j.MutableServletContextHandler@7a344b65{/,null,UNAVAILABLE}
INFO  [2016-11-03 14:30:15,644] io.dropwizard.cli.CheckCommand: Configuration is OK
INFO  [2016-11-03 14:30:18,623] org.eclipse.jetty.util.log: Logging initialized @1417ms
INFO  [2016-11-03 14:30:18,709] io.dropwizard.assets.AssetsBundle: Registering AssetBundle with name: assets for path /assets/*
INFO  [2016-11-03 14:30:18,761] io.dropwizard.server.ServerFactory: Starting DiscoveryDiaryApplication
INFO  [2016-11-03 14:30:18,861] org.eclipse.jetty.setuid.SetUIDListener: Opened application@285c08c8{HTTP/1.1}{0.0.0.0:8901}
INFO  [2016-11-03 14:30:18,862] org.eclipse.jetty.setuid.SetUIDListener: Opened admin@295eaa7c{HTTP/1.1}{0.0.0.0:8902}
INFO  [2016-11-03 14:30:18,865] org.eclipse.jetty.server.Server: jetty-9.2.z-SNAPSHOT
INFO  [2016-11-03 14:30:19,596] io.dropwizard.jersey.DropwizardResourceConfig: The following paths were found for the configured resources:

    GET     / (com.kainos.discoverydiary.resources.HomeResource)
    GET     /people (com.kainos.discoverydiary.resources.PeopleResource)
    GET     /people/add (com.kainos.discoverydiary.resources.PeopleResource)
    POST    /people/add (com.kainos.discoverydiary.resources.PeopleResource)

INFO  [2016-11-03 14:30:19,598] org.eclipse.jetty.server.handler.ContextHandler: Started i.d.j.MutableServletContextHandler@7a344b65{/,null,AVAILABLE}
INFO  [2016-11-03 14:30:19,602] io.dropwizard.setup.AdminEnvironment: tasks = 

    POST    /tasks/log-level (io.dropwizard.servlets.tasks.LogConfigurationTask)
    POST    /tasks/gc (io.dropwizard.servlets.tasks.GarbageCollectionTask)

WARN  [2016-11-03 14:30:19,603] io.dropwizard.setup.AdminEnvironment: 
!!!!!!!!!!!!!!!!!!!!!!!!!!!!!!!!!!!!!!!!!!!!!!!!!!!!!!!!!!!!!!!!!!!!!!!!!!!!!!!!
!!!!!!!!!!!!!!!!!!!!!!!!!!!!!!!!!!!!!!!!!!!!!!!!!!!!!!!!!!!!!!!!!!!!!!!!!!!!!!!!
!    THIS APPLICATION HAS NO HEALTHCHECKS. THIS MEANS YOU WILL NEVER KNOW      !
!     IF IT DIES IN PRODUCTION, WHICH MEANS YOU WILL NEVER KNOW IF YOU'RE      !
!    LETTING YOUR USERS DOWN. YOU SHOULD ADD A HEALTHCHECK FOR EACH OF YOUR    !
!         APPLICATION'S DEPENDENCIES WHICH FULLY (BUT LIGHTLY) TESTS IT.       !
!!!!!!!!!!!!!!!!!!!!!!!!!!!!!!!!!!!!!!!!!!!!!!!!!!!!!!!!!!!!!!!!!!!!!!!!!!!!!!!!
!!!!!!!!!!!!!!!!!!!!!!!!!!!!!!!!!!!!!!!!!!!!!!!!!!!!!!!!!!!!!!!!!!!!!!!!!!!!!!!!
INFO  [2016-11-03 14:30:19,609] org.eclipse.jetty.server.handler.ContextHandler: Started i.d.j.MutableServletContextHandler@141e879d{/,null,AVAILABLE}
INFO  [2016-11-03 14:30:19,624] org.eclipse.jetty.server.ServerConnector: Started application@285c08c8{HTTP/1.1}{0.0.0.0:8901}
INFO  [2016-11-03 14:30:19,627] org.eclipse.jetty.server.ServerConnector: Started admin@295eaa7c{HTTP/1.1}{0.0.0.0:8902}
INFO  [2016-11-03 14:30:19,627] org.eclipse.jetty.server.Server: Started @2423ms
INFO  [2016-11-03 14:32:35,374] org.eclipse.jetty.server.ServerConnector: Stopped application@285c08c8{HTTP/1.1}{0.0.0.0:8901}
INFO  [2016-11-03 14:32:35,375] org.eclipse.jetty.server.ServerConnector: Stopped admin@295eaa7c{HTTP/1.1}{0.0.0.0:8902}
INFO  [2016-11-03 14:32:35,376] org.eclipse.jetty.server.handler.ContextHandler: Stopped i.d.j.MutableServletContextHandler@141e879d{/,null,UNAVAILABLE}
INFO  [2016-11-03 14:32:35,379] org.eclipse.jetty.server.handler.ContextHandler: Stopped i.d.j.MutableServletContextHandler@7a344b65{/,null,UNAVAILABLE}
INFO  [2016-11-03 14:32:46,942] io.dropwizard.cli.CheckCommand: Configuration is OK
INFO  [2016-11-03 14:32:49,809] org.eclipse.jetty.util.log: Logging initialized @1330ms
INFO  [2016-11-03 14:32:49,901] io.dropwizard.assets.AssetsBundle: Registering AssetBundle with name: assets for path /assets/*
INFO  [2016-11-03 14:32:49,949] io.dropwizard.server.ServerFactory: Starting DiscoveryDiaryApplication
INFO  [2016-11-03 14:32:50,061] org.eclipse.jetty.setuid.SetUIDListener: Opened application@285c08c8{HTTP/1.1}{0.0.0.0:8901}
INFO  [2016-11-03 14:32:50,062] org.eclipse.jetty.setuid.SetUIDListener: Opened admin@295eaa7c{HTTP/1.1}{0.0.0.0:8902}
INFO  [2016-11-03 14:32:50,065] org.eclipse.jetty.server.Server: jetty-9.2.z-SNAPSHOT
INFO  [2016-11-03 14:32:50,808] io.dropwizard.jersey.DropwizardResourceConfig: The following paths were found for the configured resources:

    GET     / (com.kainos.discoverydiary.resources.HomeResource)
    GET     /people (com.kainos.discoverydiary.resources.PeopleResource)
    GET     /people/add (com.kainos.discoverydiary.resources.PeopleResource)
    POST    /people/add (com.kainos.discoverydiary.resources.PeopleResource)

INFO  [2016-11-03 14:32:50,810] org.eclipse.jetty.server.handler.ContextHandler: Started i.d.j.MutableServletContextHandler@7a344b65{/,null,AVAILABLE}
INFO  [2016-11-03 14:32:50,818] io.dropwizard.setup.AdminEnvironment: tasks = 

    POST    /tasks/log-level (io.dropwizard.servlets.tasks.LogConfigurationTask)
    POST    /tasks/gc (io.dropwizard.servlets.tasks.GarbageCollectionTask)

WARN  [2016-11-03 14:32:50,819] io.dropwizard.setup.AdminEnvironment: 
!!!!!!!!!!!!!!!!!!!!!!!!!!!!!!!!!!!!!!!!!!!!!!!!!!!!!!!!!!!!!!!!!!!!!!!!!!!!!!!!
!!!!!!!!!!!!!!!!!!!!!!!!!!!!!!!!!!!!!!!!!!!!!!!!!!!!!!!!!!!!!!!!!!!!!!!!!!!!!!!!
!    THIS APPLICATION HAS NO HEALTHCHECKS. THIS MEANS YOU WILL NEVER KNOW      !
!     IF IT DIES IN PRODUCTION, WHICH MEANS YOU WILL NEVER KNOW IF YOU'RE      !
!    LETTING YOUR USERS DOWN. YOU SHOULD ADD A HEALTHCHECK FOR EACH OF YOUR    !
!         APPLICATION'S DEPENDENCIES WHICH FULLY (BUT LIGHTLY) TESTS IT.       !
!!!!!!!!!!!!!!!!!!!!!!!!!!!!!!!!!!!!!!!!!!!!!!!!!!!!!!!!!!!!!!!!!!!!!!!!!!!!!!!!
!!!!!!!!!!!!!!!!!!!!!!!!!!!!!!!!!!!!!!!!!!!!!!!!!!!!!!!!!!!!!!!!!!!!!!!!!!!!!!!!
INFO  [2016-11-03 14:32:50,825] org.eclipse.jetty.server.handler.ContextHandler: Started i.d.j.MutableServletContextHandler@141e879d{/,null,AVAILABLE}
INFO  [2016-11-03 14:32:50,835] org.eclipse.jetty.server.ServerConnector: Started application@285c08c8{HTTP/1.1}{0.0.0.0:8901}
INFO  [2016-11-03 14:32:50,838] org.eclipse.jetty.server.ServerConnector: Started admin@295eaa7c{HTTP/1.1}{0.0.0.0:8902}
INFO  [2016-11-03 14:32:50,838] org.eclipse.jetty.server.Server: Started @2360ms
INFO  [2016-11-03 14:39:25,829] org.eclipse.jetty.server.ServerConnector: Stopped application@285c08c8{HTTP/1.1}{0.0.0.0:8901}
INFO  [2016-11-03 14:39:25,843] org.eclipse.jetty.server.ServerConnector: Stopped admin@295eaa7c{HTTP/1.1}{0.0.0.0:8902}
INFO  [2016-11-03 14:39:25,844] org.eclipse.jetty.server.handler.ContextHandler: Stopped i.d.j.MutableServletContextHandler@141e879d{/,null,UNAVAILABLE}
INFO  [2016-11-03 14:39:25,847] org.eclipse.jetty.server.handler.ContextHandler: Stopped i.d.j.MutableServletContextHandler@7a344b65{/,null,UNAVAILABLE}
INFO  [2016-11-03 14:39:37,193] io.dropwizard.cli.CheckCommand: Configuration is OK
INFO  [2016-11-03 14:39:40,337] org.eclipse.jetty.util.log: Logging initialized @1438ms
INFO  [2016-11-03 14:39:40,434] io.dropwizard.assets.AssetsBundle: Registering AssetBundle with name: assets for path /assets/*
INFO  [2016-11-03 14:39:40,488] io.dropwizard.server.ServerFactory: Starting DiscoveryDiaryApplication
INFO  [2016-11-03 14:39:40,604] org.eclipse.jetty.setuid.SetUIDListener: Opened application@285c08c8{HTTP/1.1}{0.0.0.0:8901}
INFO  [2016-11-03 14:39:40,604] org.eclipse.jetty.setuid.SetUIDListener: Opened admin@295eaa7c{HTTP/1.1}{0.0.0.0:8902}
INFO  [2016-11-03 14:39:40,607] org.eclipse.jetty.server.Server: jetty-9.2.z-SNAPSHOT
INFO  [2016-11-03 14:39:41,375] io.dropwizard.jersey.DropwizardResourceConfig: The following paths were found for the configured resources:

    GET     / (com.kainos.discoverydiary.resources.HomeResource)
    GET     /people (com.kainos.discoverydiary.resources.PeopleResource)
    GET     /people/add (com.kainos.discoverydiary.resources.PeopleResource)
    POST    /people/add (com.kainos.discoverydiary.resources.PeopleResource)

INFO  [2016-11-03 14:39:41,378] org.eclipse.jetty.server.handler.ContextHandler: Started i.d.j.MutableServletContextHandler@7a344b65{/,null,AVAILABLE}
INFO  [2016-11-03 14:39:41,383] io.dropwizard.setup.AdminEnvironment: tasks = 

    POST    /tasks/log-level (io.dropwizard.servlets.tasks.LogConfigurationTask)
    POST    /tasks/gc (io.dropwizard.servlets.tasks.GarbageCollectionTask)

WARN  [2016-11-03 14:39:41,384] io.dropwizard.setup.AdminEnvironment: 
!!!!!!!!!!!!!!!!!!!!!!!!!!!!!!!!!!!!!!!!!!!!!!!!!!!!!!!!!!!!!!!!!!!!!!!!!!!!!!!!
!!!!!!!!!!!!!!!!!!!!!!!!!!!!!!!!!!!!!!!!!!!!!!!!!!!!!!!!!!!!!!!!!!!!!!!!!!!!!!!!
!    THIS APPLICATION HAS NO HEALTHCHECKS. THIS MEANS YOU WILL NEVER KNOW      !
!     IF IT DIES IN PRODUCTION, WHICH MEANS YOU WILL NEVER KNOW IF YOU'RE      !
!    LETTING YOUR USERS DOWN. YOU SHOULD ADD A HEALTHCHECK FOR EACH OF YOUR    !
!         APPLICATION'S DEPENDENCIES WHICH FULLY (BUT LIGHTLY) TESTS IT.       !
!!!!!!!!!!!!!!!!!!!!!!!!!!!!!!!!!!!!!!!!!!!!!!!!!!!!!!!!!!!!!!!!!!!!!!!!!!!!!!!!
!!!!!!!!!!!!!!!!!!!!!!!!!!!!!!!!!!!!!!!!!!!!!!!!!!!!!!!!!!!!!!!!!!!!!!!!!!!!!!!!
INFO  [2016-11-03 14:39:41,391] org.eclipse.jetty.server.handler.ContextHandler: Started i.d.j.MutableServletContextHandler@141e879d{/,null,AVAILABLE}
INFO  [2016-11-03 14:39:41,404] org.eclipse.jetty.server.ServerConnector: Started application@285c08c8{HTTP/1.1}{0.0.0.0:8901}
INFO  [2016-11-03 14:39:41,409] org.eclipse.jetty.server.ServerConnector: Started admin@295eaa7c{HTTP/1.1}{0.0.0.0:8902}
INFO  [2016-11-03 14:39:41,410] org.eclipse.jetty.server.Server: Started @2512ms
INFO  [2016-11-03 14:41:55,915] org.eclipse.jetty.server.ServerConnector: Stopped application@285c08c8{HTTP/1.1}{0.0.0.0:8901}
INFO  [2016-11-03 14:41:55,917] org.eclipse.jetty.server.ServerConnector: Stopped admin@295eaa7c{HTTP/1.1}{0.0.0.0:8902}
INFO  [2016-11-03 14:41:55,918] org.eclipse.jetty.server.handler.ContextHandler: Stopped i.d.j.MutableServletContextHandler@141e879d{/,null,UNAVAILABLE}
INFO  [2016-11-03 14:41:55,921] org.eclipse.jetty.server.handler.ContextHandler: Stopped i.d.j.MutableServletContextHandler@7a344b65{/,null,UNAVAILABLE}
INFO  [2016-11-03 14:42:07,042] io.dropwizard.cli.CheckCommand: Configuration is OK
INFO  [2016-11-03 14:42:09,901] org.eclipse.jetty.util.log: Logging initialized @1233ms
INFO  [2016-11-03 14:42:09,993] io.dropwizard.assets.AssetsBundle: Registering AssetBundle with name: assets for path /assets/*
INFO  [2016-11-03 14:42:10,041] io.dropwizard.server.ServerFactory: Starting DiscoveryDiaryApplication
INFO  [2016-11-03 14:42:10,135] org.eclipse.jetty.setuid.SetUIDListener: Opened application@285c08c8{HTTP/1.1}{0.0.0.0:8901}
INFO  [2016-11-03 14:42:10,136] org.eclipse.jetty.setuid.SetUIDListener: Opened admin@295eaa7c{HTTP/1.1}{0.0.0.0:8902}
INFO  [2016-11-03 14:42:10,140] org.eclipse.jetty.server.Server: jetty-9.2.z-SNAPSHOT
INFO  [2016-11-03 14:42:10,849] io.dropwizard.jersey.DropwizardResourceConfig: The following paths were found for the configured resources:

    GET     / (com.kainos.discoverydiary.resources.HomeResource)
    GET     /people (com.kainos.discoverydiary.resources.PeopleResource)
    GET     /people/add (com.kainos.discoverydiary.resources.PeopleResource)
    POST    /people/add (com.kainos.discoverydiary.resources.PeopleResource)

INFO  [2016-11-03 14:42:10,853] org.eclipse.jetty.server.handler.ContextHandler: Started i.d.j.MutableServletContextHandler@7a344b65{/,null,AVAILABLE}
INFO  [2016-11-03 14:42:10,858] io.dropwizard.setup.AdminEnvironment: tasks = 

    POST    /tasks/log-level (io.dropwizard.servlets.tasks.LogConfigurationTask)
    POST    /tasks/gc (io.dropwizard.servlets.tasks.GarbageCollectionTask)

WARN  [2016-11-03 14:42:10,859] io.dropwizard.setup.AdminEnvironment: 
!!!!!!!!!!!!!!!!!!!!!!!!!!!!!!!!!!!!!!!!!!!!!!!!!!!!!!!!!!!!!!!!!!!!!!!!!!!!!!!!
!!!!!!!!!!!!!!!!!!!!!!!!!!!!!!!!!!!!!!!!!!!!!!!!!!!!!!!!!!!!!!!!!!!!!!!!!!!!!!!!
!    THIS APPLICATION HAS NO HEALTHCHECKS. THIS MEANS YOU WILL NEVER KNOW      !
!     IF IT DIES IN PRODUCTION, WHICH MEANS YOU WILL NEVER KNOW IF YOU'RE      !
!    LETTING YOUR USERS DOWN. YOU SHOULD ADD A HEALTHCHECK FOR EACH OF YOUR    !
!         APPLICATION'S DEPENDENCIES WHICH FULLY (BUT LIGHTLY) TESTS IT.       !
!!!!!!!!!!!!!!!!!!!!!!!!!!!!!!!!!!!!!!!!!!!!!!!!!!!!!!!!!!!!!!!!!!!!!!!!!!!!!!!!
!!!!!!!!!!!!!!!!!!!!!!!!!!!!!!!!!!!!!!!!!!!!!!!!!!!!!!!!!!!!!!!!!!!!!!!!!!!!!!!!
INFO  [2016-11-03 14:42:10,864] org.eclipse.jetty.server.handler.ContextHandler: Started i.d.j.MutableServletContextHandler@141e879d{/,null,AVAILABLE}
INFO  [2016-11-03 14:42:10,874] org.eclipse.jetty.server.ServerConnector: Started application@285c08c8{HTTP/1.1}{0.0.0.0:8901}
INFO  [2016-11-03 14:42:10,876] org.eclipse.jetty.server.ServerConnector: Started admin@295eaa7c{HTTP/1.1}{0.0.0.0:8902}
INFO  [2016-11-03 14:42:10,876] org.eclipse.jetty.server.Server: Started @2210ms
INFO  [2016-11-03 14:44:15,180] org.eclipse.jetty.server.ServerConnector: Stopped application@285c08c8{HTTP/1.1}{0.0.0.0:8901}
INFO  [2016-11-03 14:44:15,181] org.eclipse.jetty.server.ServerConnector: Stopped admin@295eaa7c{HTTP/1.1}{0.0.0.0:8902}
INFO  [2016-11-03 14:44:15,182] org.eclipse.jetty.server.handler.ContextHandler: Stopped i.d.j.MutableServletContextHandler@141e879d{/,null,UNAVAILABLE}
INFO  [2016-11-03 14:44:15,185] org.eclipse.jetty.server.handler.ContextHandler: Stopped i.d.j.MutableServletContextHandler@7a344b65{/,null,UNAVAILABLE}
INFO  [2016-11-03 14:44:26,371] io.dropwizard.cli.CheckCommand: Configuration is OK
INFO  [2016-11-03 14:44:29,317] org.eclipse.jetty.util.log: Logging initialized @1320ms
INFO  [2016-11-03 14:44:29,391] io.dropwizard.assets.AssetsBundle: Registering AssetBundle with name: assets for path /assets/*
INFO  [2016-11-03 14:44:29,432] io.dropwizard.server.ServerFactory: Starting DiscoveryDiaryApplication
INFO  [2016-11-03 14:44:29,530] org.eclipse.jetty.setuid.SetUIDListener: Opened application@285c08c8{HTTP/1.1}{0.0.0.0:8901}
INFO  [2016-11-03 14:44:29,531] org.eclipse.jetty.setuid.SetUIDListener: Opened admin@295eaa7c{HTTP/1.1}{0.0.0.0:8902}
INFO  [2016-11-03 14:44:29,534] org.eclipse.jetty.server.Server: jetty-9.2.z-SNAPSHOT
INFO  [2016-11-03 14:44:30,242] io.dropwizard.jersey.DropwizardResourceConfig: The following paths were found for the configured resources:

    GET     / (com.kainos.discoverydiary.resources.HomeResource)
    GET     /people (com.kainos.discoverydiary.resources.PeopleResource)
    GET     /people/add (com.kainos.discoverydiary.resources.PeopleResource)
    POST    /people/add (com.kainos.discoverydiary.resources.PeopleResource)

INFO  [2016-11-03 14:44:30,245] org.eclipse.jetty.server.handler.ContextHandler: Started i.d.j.MutableServletContextHandler@7a344b65{/,null,AVAILABLE}
INFO  [2016-11-03 14:44:30,253] io.dropwizard.setup.AdminEnvironment: tasks = 

    POST    /tasks/log-level (io.dropwizard.servlets.tasks.LogConfigurationTask)
    POST    /tasks/gc (io.dropwizard.servlets.tasks.GarbageCollectionTask)

WARN  [2016-11-03 14:44:30,259] io.dropwizard.setup.AdminEnvironment: 
!!!!!!!!!!!!!!!!!!!!!!!!!!!!!!!!!!!!!!!!!!!!!!!!!!!!!!!!!!!!!!!!!!!!!!!!!!!!!!!!
!!!!!!!!!!!!!!!!!!!!!!!!!!!!!!!!!!!!!!!!!!!!!!!!!!!!!!!!!!!!!!!!!!!!!!!!!!!!!!!!
!    THIS APPLICATION HAS NO HEALTHCHECKS. THIS MEANS YOU WILL NEVER KNOW      !
!     IF IT DIES IN PRODUCTION, WHICH MEANS YOU WILL NEVER KNOW IF YOU'RE      !
!    LETTING YOUR USERS DOWN. YOU SHOULD ADD A HEALTHCHECK FOR EACH OF YOUR    !
!         APPLICATION'S DEPENDENCIES WHICH FULLY (BUT LIGHTLY) TESTS IT.       !
!!!!!!!!!!!!!!!!!!!!!!!!!!!!!!!!!!!!!!!!!!!!!!!!!!!!!!!!!!!!!!!!!!!!!!!!!!!!!!!!
!!!!!!!!!!!!!!!!!!!!!!!!!!!!!!!!!!!!!!!!!!!!!!!!!!!!!!!!!!!!!!!!!!!!!!!!!!!!!!!!
INFO  [2016-11-03 14:44:30,272] org.eclipse.jetty.server.handler.ContextHandler: Started i.d.j.MutableServletContextHandler@141e879d{/,null,AVAILABLE}
INFO  [2016-11-03 14:44:30,285] org.eclipse.jetty.server.ServerConnector: Started application@285c08c8{HTTP/1.1}{0.0.0.0:8901}
INFO  [2016-11-03 14:44:30,286] org.eclipse.jetty.server.ServerConnector: Started admin@295eaa7c{HTTP/1.1}{0.0.0.0:8902}
INFO  [2016-11-03 14:44:30,287] org.eclipse.jetty.server.Server: Started @2291ms
INFO  [2016-11-03 14:45:06,580] org.eclipse.jetty.server.ServerConnector: Stopped application@285c08c8{HTTP/1.1}{0.0.0.0:8901}
INFO  [2016-11-03 14:45:06,581] org.eclipse.jetty.server.ServerConnector: Stopped admin@295eaa7c{HTTP/1.1}{0.0.0.0:8902}
INFO  [2016-11-03 14:45:06,582] org.eclipse.jetty.server.handler.ContextHandler: Stopped i.d.j.MutableServletContextHandler@141e879d{/,null,UNAVAILABLE}
INFO  [2016-11-03 14:45:06,585] org.eclipse.jetty.server.handler.ContextHandler: Stopped i.d.j.MutableServletContextHandler@7a344b65{/,null,UNAVAILABLE}
INFO  [2016-11-03 14:45:19,282] io.dropwizard.cli.CheckCommand: Configuration is OK
INFO  [2016-11-03 14:45:22,372] org.eclipse.jetty.util.log: Logging initialized @1388ms
INFO  [2016-11-03 14:45:22,482] io.dropwizard.assets.AssetsBundle: Registering AssetBundle with name: assets for path /assets/*
INFO  [2016-11-03 14:45:22,545] io.dropwizard.server.ServerFactory: Starting DiscoveryDiaryApplication
INFO  [2016-11-03 14:45:22,660] org.eclipse.jetty.setuid.SetUIDListener: Opened application@285c08c8{HTTP/1.1}{0.0.0.0:8901}
INFO  [2016-11-03 14:45:22,661] org.eclipse.jetty.setuid.SetUIDListener: Opened admin@295eaa7c{HTTP/1.1}{0.0.0.0:8902}
INFO  [2016-11-03 14:45:22,665] org.eclipse.jetty.server.Server: jetty-9.2.z-SNAPSHOT
INFO  [2016-11-03 14:45:23,503] io.dropwizard.jersey.DropwizardResourceConfig: The following paths were found for the configured resources:

    GET     / (com.kainos.discoverydiary.resources.HomeResource)
    GET     /people (com.kainos.discoverydiary.resources.PeopleResource)
    GET     /people/add (com.kainos.discoverydiary.resources.PeopleResource)
    POST    /people/add (com.kainos.discoverydiary.resources.PeopleResource)

INFO  [2016-11-03 14:45:23,505] org.eclipse.jetty.server.handler.ContextHandler: Started i.d.j.MutableServletContextHandler@7a344b65{/,null,AVAILABLE}
INFO  [2016-11-03 14:45:23,510] io.dropwizard.setup.AdminEnvironment: tasks = 

    POST    /tasks/log-level (io.dropwizard.servlets.tasks.LogConfigurationTask)
    POST    /tasks/gc (io.dropwizard.servlets.tasks.GarbageCollectionTask)

WARN  [2016-11-03 14:45:23,510] io.dropwizard.setup.AdminEnvironment: 
!!!!!!!!!!!!!!!!!!!!!!!!!!!!!!!!!!!!!!!!!!!!!!!!!!!!!!!!!!!!!!!!!!!!!!!!!!!!!!!!
!!!!!!!!!!!!!!!!!!!!!!!!!!!!!!!!!!!!!!!!!!!!!!!!!!!!!!!!!!!!!!!!!!!!!!!!!!!!!!!!
!    THIS APPLICATION HAS NO HEALTHCHECKS. THIS MEANS YOU WILL NEVER KNOW      !
!     IF IT DIES IN PRODUCTION, WHICH MEANS YOU WILL NEVER KNOW IF YOU'RE      !
!    LETTING YOUR USERS DOWN. YOU SHOULD ADD A HEALTHCHECK FOR EACH OF YOUR    !
!         APPLICATION'S DEPENDENCIES WHICH FULLY (BUT LIGHTLY) TESTS IT.       !
!!!!!!!!!!!!!!!!!!!!!!!!!!!!!!!!!!!!!!!!!!!!!!!!!!!!!!!!!!!!!!!!!!!!!!!!!!!!!!!!
!!!!!!!!!!!!!!!!!!!!!!!!!!!!!!!!!!!!!!!!!!!!!!!!!!!!!!!!!!!!!!!!!!!!!!!!!!!!!!!!
INFO  [2016-11-03 14:45:23,514] org.eclipse.jetty.server.handler.ContextHandler: Started i.d.j.MutableServletContextHandler@141e879d{/,null,AVAILABLE}
INFO  [2016-11-03 14:45:23,526] org.eclipse.jetty.server.ServerConnector: Started application@285c08c8{HTTP/1.1}{0.0.0.0:8901}
INFO  [2016-11-03 14:45:23,529] org.eclipse.jetty.server.ServerConnector: Started admin@295eaa7c{HTTP/1.1}{0.0.0.0:8902}
INFO  [2016-11-03 14:45:23,530] org.eclipse.jetty.server.Server: Started @2546ms
INFO  [2016-11-03 14:46:10,940] org.eclipse.jetty.server.ServerConnector: Stopped application@285c08c8{HTTP/1.1}{0.0.0.0:8901}
INFO  [2016-11-03 14:46:10,941] org.eclipse.jetty.server.ServerConnector: Stopped admin@295eaa7c{HTTP/1.1}{0.0.0.0:8902}
INFO  [2016-11-03 14:46:10,942] org.eclipse.jetty.server.handler.ContextHandler: Stopped i.d.j.MutableServletContextHandler@141e879d{/,null,UNAVAILABLE}
INFO  [2016-11-03 14:46:10,945] org.eclipse.jetty.server.handler.ContextHandler: Stopped i.d.j.MutableServletContextHandler@7a344b65{/,null,UNAVAILABLE}
INFO  [2016-11-03 14:46:23,609] io.dropwizard.cli.CheckCommand: Configuration is OK
INFO  [2016-11-03 14:46:26,748] org.eclipse.jetty.util.log: Logging initialized @1325ms
INFO  [2016-11-03 14:46:26,841] io.dropwizard.assets.AssetsBundle: Registering AssetBundle with name: assets for path /assets/*
INFO  [2016-11-03 14:46:26,903] io.dropwizard.server.ServerFactory: Starting DiscoveryDiaryApplication
INFO  [2016-11-03 14:46:27,021] org.eclipse.jetty.setuid.SetUIDListener: Opened application@285c08c8{HTTP/1.1}{0.0.0.0:8901}
INFO  [2016-11-03 14:46:27,021] org.eclipse.jetty.setuid.SetUIDListener: Opened admin@295eaa7c{HTTP/1.1}{0.0.0.0:8902}
INFO  [2016-11-03 14:46:27,024] org.eclipse.jetty.server.Server: jetty-9.2.z-SNAPSHOT
INFO  [2016-11-03 14:46:27,942] io.dropwizard.jersey.DropwizardResourceConfig: The following paths were found for the configured resources:

    GET     / (com.kainos.discoverydiary.resources.HomeResource)
    GET     /people (com.kainos.discoverydiary.resources.PeopleResource)
    GET     /people/add (com.kainos.discoverydiary.resources.PeopleResource)
    POST    /people/add (com.kainos.discoverydiary.resources.PeopleResource)

INFO  [2016-11-03 14:46:27,945] org.eclipse.jetty.server.handler.ContextHandler: Started i.d.j.MutableServletContextHandler@7a344b65{/,null,AVAILABLE}
INFO  [2016-11-03 14:46:27,951] io.dropwizard.setup.AdminEnvironment: tasks = 

    POST    /tasks/log-level (io.dropwizard.servlets.tasks.LogConfigurationTask)
    POST    /tasks/gc (io.dropwizard.servlets.tasks.GarbageCollectionTask)

WARN  [2016-11-03 14:46:27,951] io.dropwizard.setup.AdminEnvironment: 
!!!!!!!!!!!!!!!!!!!!!!!!!!!!!!!!!!!!!!!!!!!!!!!!!!!!!!!!!!!!!!!!!!!!!!!!!!!!!!!!
!!!!!!!!!!!!!!!!!!!!!!!!!!!!!!!!!!!!!!!!!!!!!!!!!!!!!!!!!!!!!!!!!!!!!!!!!!!!!!!!
!    THIS APPLICATION HAS NO HEALTHCHECKS. THIS MEANS YOU WILL NEVER KNOW      !
!     IF IT DIES IN PRODUCTION, WHICH MEANS YOU WILL NEVER KNOW IF YOU'RE      !
!    LETTING YOUR USERS DOWN. YOU SHOULD ADD A HEALTHCHECK FOR EACH OF YOUR    !
!         APPLICATION'S DEPENDENCIES WHICH FULLY (BUT LIGHTLY) TESTS IT.       !
!!!!!!!!!!!!!!!!!!!!!!!!!!!!!!!!!!!!!!!!!!!!!!!!!!!!!!!!!!!!!!!!!!!!!!!!!!!!!!!!
!!!!!!!!!!!!!!!!!!!!!!!!!!!!!!!!!!!!!!!!!!!!!!!!!!!!!!!!!!!!!!!!!!!!!!!!!!!!!!!!
INFO  [2016-11-03 14:46:27,956] org.eclipse.jetty.server.handler.ContextHandler: Started i.d.j.MutableServletContextHandler@141e879d{/,null,AVAILABLE}
INFO  [2016-11-03 14:46:27,968] org.eclipse.jetty.server.ServerConnector: Started application@285c08c8{HTTP/1.1}{0.0.0.0:8901}
INFO  [2016-11-03 14:46:27,970] org.eclipse.jetty.server.ServerConnector: Started admin@295eaa7c{HTTP/1.1}{0.0.0.0:8902}
INFO  [2016-11-03 14:46:27,971] org.eclipse.jetty.server.Server: Started @2549ms
INFO  [2016-11-03 14:46:48,938] org.eclipse.jetty.server.ServerConnector: Stopped application@285c08c8{HTTP/1.1}{0.0.0.0:8901}
INFO  [2016-11-03 14:46:48,939] org.eclipse.jetty.server.ServerConnector: Stopped admin@295eaa7c{HTTP/1.1}{0.0.0.0:8902}
INFO  [2016-11-03 14:46:48,940] org.eclipse.jetty.server.handler.ContextHandler: Stopped i.d.j.MutableServletContextHandler@141e879d{/,null,UNAVAILABLE}
INFO  [2016-11-03 14:46:48,943] org.eclipse.jetty.server.handler.ContextHandler: Stopped i.d.j.MutableServletContextHandler@7a344b65{/,null,UNAVAILABLE}
INFO  [2016-11-03 14:47:01,430] io.dropwizard.cli.CheckCommand: Configuration is OK
INFO  [2016-11-03 14:47:04,924] org.eclipse.jetty.util.log: Logging initialized @1512ms
INFO  [2016-11-03 14:47:05,015] io.dropwizard.assets.AssetsBundle: Registering AssetBundle with name: assets for path /assets/*
INFO  [2016-11-03 14:47:05,064] io.dropwizard.server.ServerFactory: Starting DiscoveryDiaryApplication
INFO  [2016-11-03 14:47:05,168] org.eclipse.jetty.setuid.SetUIDListener: Opened application@285c08c8{HTTP/1.1}{0.0.0.0:8901}
INFO  [2016-11-03 14:47:05,169] org.eclipse.jetty.setuid.SetUIDListener: Opened admin@295eaa7c{HTTP/1.1}{0.0.0.0:8902}
INFO  [2016-11-03 14:47:05,172] org.eclipse.jetty.server.Server: jetty-9.2.z-SNAPSHOT
INFO  [2016-11-03 14:47:06,068] io.dropwizard.jersey.DropwizardResourceConfig: The following paths were found for the configured resources:

    GET     / (com.kainos.discoverydiary.resources.HomeResource)
    GET     /people (com.kainos.discoverydiary.resources.PeopleResource)
    GET     /people/add (com.kainos.discoverydiary.resources.PeopleResource)
    POST    /people/add (com.kainos.discoverydiary.resources.PeopleResource)

INFO  [2016-11-03 14:47:06,073] org.eclipse.jetty.server.handler.ContextHandler: Started i.d.j.MutableServletContextHandler@7a344b65{/,null,AVAILABLE}
INFO  [2016-11-03 14:47:06,078] io.dropwizard.setup.AdminEnvironment: tasks = 

    POST    /tasks/log-level (io.dropwizard.servlets.tasks.LogConfigurationTask)
    POST    /tasks/gc (io.dropwizard.servlets.tasks.GarbageCollectionTask)

WARN  [2016-11-03 14:47:06,078] io.dropwizard.setup.AdminEnvironment: 
!!!!!!!!!!!!!!!!!!!!!!!!!!!!!!!!!!!!!!!!!!!!!!!!!!!!!!!!!!!!!!!!!!!!!!!!!!!!!!!!
!!!!!!!!!!!!!!!!!!!!!!!!!!!!!!!!!!!!!!!!!!!!!!!!!!!!!!!!!!!!!!!!!!!!!!!!!!!!!!!!
!    THIS APPLICATION HAS NO HEALTHCHECKS. THIS MEANS YOU WILL NEVER KNOW      !
!     IF IT DIES IN PRODUCTION, WHICH MEANS YOU WILL NEVER KNOW IF YOU'RE      !
!    LETTING YOUR USERS DOWN. YOU SHOULD ADD A HEALTHCHECK FOR EACH OF YOUR    !
!         APPLICATION'S DEPENDENCIES WHICH FULLY (BUT LIGHTLY) TESTS IT.       !
!!!!!!!!!!!!!!!!!!!!!!!!!!!!!!!!!!!!!!!!!!!!!!!!!!!!!!!!!!!!!!!!!!!!!!!!!!!!!!!!
!!!!!!!!!!!!!!!!!!!!!!!!!!!!!!!!!!!!!!!!!!!!!!!!!!!!!!!!!!!!!!!!!!!!!!!!!!!!!!!!
INFO  [2016-11-03 14:47:06,084] org.eclipse.jetty.server.handler.ContextHandler: Started i.d.j.MutableServletContextHandler@141e879d{/,null,AVAILABLE}
INFO  [2016-11-03 14:47:06,095] org.eclipse.jetty.server.ServerConnector: Started application@285c08c8{HTTP/1.1}{0.0.0.0:8901}
INFO  [2016-11-03 14:47:06,097] org.eclipse.jetty.server.ServerConnector: Started admin@295eaa7c{HTTP/1.1}{0.0.0.0:8902}
INFO  [2016-11-03 14:47:06,098] org.eclipse.jetty.server.Server: Started @2688ms
INFO  [2016-11-03 14:47:45,294] org.eclipse.jetty.server.ServerConnector: Stopped application@285c08c8{HTTP/1.1}{0.0.0.0:8901}
INFO  [2016-11-03 14:47:45,307] org.eclipse.jetty.server.ServerConnector: Stopped admin@295eaa7c{HTTP/1.1}{0.0.0.0:8902}
INFO  [2016-11-03 14:47:45,319] org.eclipse.jetty.server.handler.ContextHandler: Stopped i.d.j.MutableServletContextHandler@141e879d{/,null,UNAVAILABLE}
INFO  [2016-11-03 14:47:45,327] org.eclipse.jetty.server.handler.ContextHandler: Stopped i.d.j.MutableServletContextHandler@7a344b65{/,null,UNAVAILABLE}
INFO  [2016-11-03 14:47:57,547] io.dropwizard.cli.CheckCommand: Configuration is OK
INFO  [2016-11-03 14:48:00,528] org.eclipse.jetty.util.log: Logging initialized @1272ms
INFO  [2016-11-03 14:48:00,618] io.dropwizard.assets.AssetsBundle: Registering AssetBundle with name: assets for path /assets/*
INFO  [2016-11-03 14:48:00,662] io.dropwizard.server.ServerFactory: Starting DiscoveryDiaryApplication
INFO  [2016-11-03 14:48:00,774] org.eclipse.jetty.setuid.SetUIDListener: Opened application@285c08c8{HTTP/1.1}{0.0.0.0:8901}
INFO  [2016-11-03 14:48:00,775] org.eclipse.jetty.setuid.SetUIDListener: Opened admin@295eaa7c{HTTP/1.1}{0.0.0.0:8902}
INFO  [2016-11-03 14:48:00,778] org.eclipse.jetty.server.Server: jetty-9.2.z-SNAPSHOT
INFO  [2016-11-03 14:48:01,567] io.dropwizard.jersey.DropwizardResourceConfig: The following paths were found for the configured resources:

    GET     / (com.kainos.discoverydiary.resources.HomeResource)
    GET     /people (com.kainos.discoverydiary.resources.PeopleResource)
    GET     /people/add (com.kainos.discoverydiary.resources.PeopleResource)
    POST    /people/add (com.kainos.discoverydiary.resources.PeopleResource)

INFO  [2016-11-03 14:48:01,572] org.eclipse.jetty.server.handler.ContextHandler: Started i.d.j.MutableServletContextHandler@7a344b65{/,null,AVAILABLE}
INFO  [2016-11-03 14:48:01,579] io.dropwizard.setup.AdminEnvironment: tasks = 

    POST    /tasks/log-level (io.dropwizard.servlets.tasks.LogConfigurationTask)
    POST    /tasks/gc (io.dropwizard.servlets.tasks.GarbageCollectionTask)

WARN  [2016-11-03 14:48:01,579] io.dropwizard.setup.AdminEnvironment: 
!!!!!!!!!!!!!!!!!!!!!!!!!!!!!!!!!!!!!!!!!!!!!!!!!!!!!!!!!!!!!!!!!!!!!!!!!!!!!!!!
!!!!!!!!!!!!!!!!!!!!!!!!!!!!!!!!!!!!!!!!!!!!!!!!!!!!!!!!!!!!!!!!!!!!!!!!!!!!!!!!
!    THIS APPLICATION HAS NO HEALTHCHECKS. THIS MEANS YOU WILL NEVER KNOW      !
!     IF IT DIES IN PRODUCTION, WHICH MEANS YOU WILL NEVER KNOW IF YOU'RE      !
!    LETTING YOUR USERS DOWN. YOU SHOULD ADD A HEALTHCHECK FOR EACH OF YOUR    !
!         APPLICATION'S DEPENDENCIES WHICH FULLY (BUT LIGHTLY) TESTS IT.       !
!!!!!!!!!!!!!!!!!!!!!!!!!!!!!!!!!!!!!!!!!!!!!!!!!!!!!!!!!!!!!!!!!!!!!!!!!!!!!!!!
!!!!!!!!!!!!!!!!!!!!!!!!!!!!!!!!!!!!!!!!!!!!!!!!!!!!!!!!!!!!!!!!!!!!!!!!!!!!!!!!
INFO  [2016-11-03 14:48:01,586] org.eclipse.jetty.server.handler.ContextHandler: Started i.d.j.MutableServletContextHandler@141e879d{/,null,AVAILABLE}
INFO  [2016-11-03 14:48:01,603] org.eclipse.jetty.server.ServerConnector: Started application@285c08c8{HTTP/1.1}{0.0.0.0:8901}
INFO  [2016-11-03 14:48:01,617] org.eclipse.jetty.server.ServerConnector: Started admin@295eaa7c{HTTP/1.1}{0.0.0.0:8902}
INFO  [2016-11-03 14:48:01,618] org.eclipse.jetty.server.Server: Started @2364ms
INFO  [2016-11-03 14:48:43,066] org.eclipse.jetty.server.ServerConnector: Stopped application@285c08c8{HTTP/1.1}{0.0.0.0:8901}
INFO  [2016-11-03 14:48:43,067] org.eclipse.jetty.server.ServerConnector: Stopped admin@295eaa7c{HTTP/1.1}{0.0.0.0:8902}
INFO  [2016-11-03 14:48:43,068] org.eclipse.jetty.server.handler.ContextHandler: Stopped i.d.j.MutableServletContextHandler@141e879d{/,null,UNAVAILABLE}
INFO  [2016-11-03 14:48:43,071] org.eclipse.jetty.server.handler.ContextHandler: Stopped i.d.j.MutableServletContextHandler@7a344b65{/,null,UNAVAILABLE}
INFO  [2016-11-03 14:48:55,818] io.dropwizard.cli.CheckCommand: Configuration is OK
INFO  [2016-11-03 14:48:58,776] org.eclipse.jetty.util.log: Logging initialized @1248ms
INFO  [2016-11-03 14:48:58,871] io.dropwizard.assets.AssetsBundle: Registering AssetBundle with name: assets for path /assets/*
INFO  [2016-11-03 14:48:58,924] io.dropwizard.server.ServerFactory: Starting DiscoveryDiaryApplication
INFO  [2016-11-03 14:48:59,020] org.eclipse.jetty.setuid.SetUIDListener: Opened application@285c08c8{HTTP/1.1}{0.0.0.0:8901}
INFO  [2016-11-03 14:48:59,021] org.eclipse.jetty.setuid.SetUIDListener: Opened admin@295eaa7c{HTTP/1.1}{0.0.0.0:8902}
INFO  [2016-11-03 14:48:59,024] org.eclipse.jetty.server.Server: jetty-9.2.z-SNAPSHOT
INFO  [2016-11-03 14:48:59,785] io.dropwizard.jersey.DropwizardResourceConfig: The following paths were found for the configured resources:

    GET     / (com.kainos.discoverydiary.resources.HomeResource)
    GET     /people (com.kainos.discoverydiary.resources.PeopleResource)
    GET     /people/add (com.kainos.discoverydiary.resources.PeopleResource)
    POST    /people/add (com.kainos.discoverydiary.resources.PeopleResource)

INFO  [2016-11-03 14:48:59,787] org.eclipse.jetty.server.handler.ContextHandler: Started i.d.j.MutableServletContextHandler@7a344b65{/,null,AVAILABLE}
INFO  [2016-11-03 14:48:59,793] io.dropwizard.setup.AdminEnvironment: tasks = 

    POST    /tasks/log-level (io.dropwizard.servlets.tasks.LogConfigurationTask)
    POST    /tasks/gc (io.dropwizard.servlets.tasks.GarbageCollectionTask)

WARN  [2016-11-03 14:48:59,794] io.dropwizard.setup.AdminEnvironment: 
!!!!!!!!!!!!!!!!!!!!!!!!!!!!!!!!!!!!!!!!!!!!!!!!!!!!!!!!!!!!!!!!!!!!!!!!!!!!!!!!
!!!!!!!!!!!!!!!!!!!!!!!!!!!!!!!!!!!!!!!!!!!!!!!!!!!!!!!!!!!!!!!!!!!!!!!!!!!!!!!!
!    THIS APPLICATION HAS NO HEALTHCHECKS. THIS MEANS YOU WILL NEVER KNOW      !
!     IF IT DIES IN PRODUCTION, WHICH MEANS YOU WILL NEVER KNOW IF YOU'RE      !
!    LETTING YOUR USERS DOWN. YOU SHOULD ADD A HEALTHCHECK FOR EACH OF YOUR    !
!         APPLICATION'S DEPENDENCIES WHICH FULLY (BUT LIGHTLY) TESTS IT.       !
!!!!!!!!!!!!!!!!!!!!!!!!!!!!!!!!!!!!!!!!!!!!!!!!!!!!!!!!!!!!!!!!!!!!!!!!!!!!!!!!
!!!!!!!!!!!!!!!!!!!!!!!!!!!!!!!!!!!!!!!!!!!!!!!!!!!!!!!!!!!!!!!!!!!!!!!!!!!!!!!!
INFO  [2016-11-03 14:48:59,799] org.eclipse.jetty.server.handler.ContextHandler: Started i.d.j.MutableServletContextHandler@141e879d{/,null,AVAILABLE}
INFO  [2016-11-03 14:48:59,815] org.eclipse.jetty.server.ServerConnector: Started application@285c08c8{HTTP/1.1}{0.0.0.0:8901}
INFO  [2016-11-03 14:48:59,841] org.eclipse.jetty.server.ServerConnector: Started admin@295eaa7c{HTTP/1.1}{0.0.0.0:8902}
INFO  [2016-11-03 14:48:59,842] org.eclipse.jetty.server.Server: Started @2316ms
INFO  [2016-11-03 14:49:55,400] org.eclipse.jetty.server.ServerConnector: Stopped application@285c08c8{HTTP/1.1}{0.0.0.0:8901}
INFO  [2016-11-03 14:49:55,401] org.eclipse.jetty.server.ServerConnector: Stopped admin@295eaa7c{HTTP/1.1}{0.0.0.0:8902}
INFO  [2016-11-03 14:49:55,402] org.eclipse.jetty.server.handler.ContextHandler: Stopped i.d.j.MutableServletContextHandler@141e879d{/,null,UNAVAILABLE}
INFO  [2016-11-03 14:49:55,405] org.eclipse.jetty.server.handler.ContextHandler: Stopped i.d.j.MutableServletContextHandler@7a344b65{/,null,UNAVAILABLE}
INFO  [2016-11-03 14:50:08,387] io.dropwizard.cli.CheckCommand: Configuration is OK
INFO  [2016-11-03 14:50:11,512] org.eclipse.jetty.util.log: Logging initialized @1429ms
INFO  [2016-11-03 14:50:11,597] io.dropwizard.assets.AssetsBundle: Registering AssetBundle with name: assets for path /assets/*
INFO  [2016-11-03 14:50:11,640] io.dropwizard.server.ServerFactory: Starting DiscoveryDiaryApplication
INFO  [2016-11-03 14:50:11,728] org.eclipse.jetty.setuid.SetUIDListener: Opened application@285c08c8{HTTP/1.1}{0.0.0.0:8901}
INFO  [2016-11-03 14:50:11,728] org.eclipse.jetty.setuid.SetUIDListener: Opened admin@295eaa7c{HTTP/1.1}{0.0.0.0:8902}
INFO  [2016-11-03 14:50:11,732] org.eclipse.jetty.server.Server: jetty-9.2.z-SNAPSHOT
INFO  [2016-11-03 14:50:12,468] io.dropwizard.jersey.DropwizardResourceConfig: The following paths were found for the configured resources:

    GET     / (com.kainos.discoverydiary.resources.HomeResource)
    GET     /people (com.kainos.discoverydiary.resources.PeopleResource)
    GET     /people/add (com.kainos.discoverydiary.resources.PeopleResource)
    POST    /people/add (com.kainos.discoverydiary.resources.PeopleResource)

INFO  [2016-11-03 14:50:12,470] org.eclipse.jetty.server.handler.ContextHandler: Started i.d.j.MutableServletContextHandler@7a344b65{/,null,AVAILABLE}
INFO  [2016-11-03 14:50:12,476] io.dropwizard.setup.AdminEnvironment: tasks = 

    POST    /tasks/log-level (io.dropwizard.servlets.tasks.LogConfigurationTask)
    POST    /tasks/gc (io.dropwizard.servlets.tasks.GarbageCollectionTask)

WARN  [2016-11-03 14:50:12,477] io.dropwizard.setup.AdminEnvironment: 
!!!!!!!!!!!!!!!!!!!!!!!!!!!!!!!!!!!!!!!!!!!!!!!!!!!!!!!!!!!!!!!!!!!!!!!!!!!!!!!!
!!!!!!!!!!!!!!!!!!!!!!!!!!!!!!!!!!!!!!!!!!!!!!!!!!!!!!!!!!!!!!!!!!!!!!!!!!!!!!!!
!    THIS APPLICATION HAS NO HEALTHCHECKS. THIS MEANS YOU WILL NEVER KNOW      !
!     IF IT DIES IN PRODUCTION, WHICH MEANS YOU WILL NEVER KNOW IF YOU'RE      !
!    LETTING YOUR USERS DOWN. YOU SHOULD ADD A HEALTHCHECK FOR EACH OF YOUR    !
!         APPLICATION'S DEPENDENCIES WHICH FULLY (BUT LIGHTLY) TESTS IT.       !
!!!!!!!!!!!!!!!!!!!!!!!!!!!!!!!!!!!!!!!!!!!!!!!!!!!!!!!!!!!!!!!!!!!!!!!!!!!!!!!!
!!!!!!!!!!!!!!!!!!!!!!!!!!!!!!!!!!!!!!!!!!!!!!!!!!!!!!!!!!!!!!!!!!!!!!!!!!!!!!!!
INFO  [2016-11-03 14:50:12,484] org.eclipse.jetty.server.handler.ContextHandler: Started i.d.j.MutableServletContextHandler@141e879d{/,null,AVAILABLE}
INFO  [2016-11-03 14:50:12,496] org.eclipse.jetty.server.ServerConnector: Started application@285c08c8{HTTP/1.1}{0.0.0.0:8901}
INFO  [2016-11-03 14:50:12,498] org.eclipse.jetty.server.ServerConnector: Started admin@295eaa7c{HTTP/1.1}{0.0.0.0:8902}
INFO  [2016-11-03 14:50:12,499] org.eclipse.jetty.server.Server: Started @2417ms
INFO  [2016-11-03 14:51:02,302] org.eclipse.jetty.server.ServerConnector: Stopped application@285c08c8{HTTP/1.1}{0.0.0.0:8901}
INFO  [2016-11-03 14:51:02,302] org.eclipse.jetty.server.ServerConnector: Stopped admin@295eaa7c{HTTP/1.1}{0.0.0.0:8902}
INFO  [2016-11-03 14:51:02,303] org.eclipse.jetty.server.handler.ContextHandler: Stopped i.d.j.MutableServletContextHandler@141e879d{/,null,UNAVAILABLE}
INFO  [2016-11-03 14:51:02,306] org.eclipse.jetty.server.handler.ContextHandler: Stopped i.d.j.MutableServletContextHandler@7a344b65{/,null,UNAVAILABLE}
INFO  [2016-11-03 14:51:15,374] io.dropwizard.cli.CheckCommand: Configuration is OK
INFO  [2016-11-03 14:51:18,311] org.eclipse.jetty.util.log: Logging initialized @1277ms
INFO  [2016-11-03 14:51:18,401] io.dropwizard.assets.AssetsBundle: Registering AssetBundle with name: assets for path /assets/*
INFO  [2016-11-03 14:51:18,450] io.dropwizard.server.ServerFactory: Starting DiscoveryDiaryApplication
INFO  [2016-11-03 14:51:18,564] org.eclipse.jetty.setuid.SetUIDListener: Opened application@285c08c8{HTTP/1.1}{0.0.0.0:8901}
INFO  [2016-11-03 14:51:18,567] org.eclipse.jetty.setuid.SetUIDListener: Opened admin@295eaa7c{HTTP/1.1}{0.0.0.0:8902}
INFO  [2016-11-03 14:51:18,570] org.eclipse.jetty.server.Server: jetty-9.2.z-SNAPSHOT
INFO  [2016-11-03 14:51:19,377] io.dropwizard.jersey.DropwizardResourceConfig: The following paths were found for the configured resources:

    GET     / (com.kainos.discoverydiary.resources.HomeResource)
    GET     /people (com.kainos.discoverydiary.resources.PeopleResource)
    GET     /people/add (com.kainos.discoverydiary.resources.PeopleResource)
    POST    /people/add (com.kainos.discoverydiary.resources.PeopleResource)

INFO  [2016-11-03 14:51:19,379] org.eclipse.jetty.server.handler.ContextHandler: Started i.d.j.MutableServletContextHandler@7a344b65{/,null,AVAILABLE}
INFO  [2016-11-03 14:51:19,385] io.dropwizard.setup.AdminEnvironment: tasks = 

    POST    /tasks/log-level (io.dropwizard.servlets.tasks.LogConfigurationTask)
    POST    /tasks/gc (io.dropwizard.servlets.tasks.GarbageCollectionTask)

WARN  [2016-11-03 14:51:19,385] io.dropwizard.setup.AdminEnvironment: 
!!!!!!!!!!!!!!!!!!!!!!!!!!!!!!!!!!!!!!!!!!!!!!!!!!!!!!!!!!!!!!!!!!!!!!!!!!!!!!!!
!!!!!!!!!!!!!!!!!!!!!!!!!!!!!!!!!!!!!!!!!!!!!!!!!!!!!!!!!!!!!!!!!!!!!!!!!!!!!!!!
!    THIS APPLICATION HAS NO HEALTHCHECKS. THIS MEANS YOU WILL NEVER KNOW      !
!     IF IT DIES IN PRODUCTION, WHICH MEANS YOU WILL NEVER KNOW IF YOU'RE      !
!    LETTING YOUR USERS DOWN. YOU SHOULD ADD A HEALTHCHECK FOR EACH OF YOUR    !
!         APPLICATION'S DEPENDENCIES WHICH FULLY (BUT LIGHTLY) TESTS IT.       !
!!!!!!!!!!!!!!!!!!!!!!!!!!!!!!!!!!!!!!!!!!!!!!!!!!!!!!!!!!!!!!!!!!!!!!!!!!!!!!!!
!!!!!!!!!!!!!!!!!!!!!!!!!!!!!!!!!!!!!!!!!!!!!!!!!!!!!!!!!!!!!!!!!!!!!!!!!!!!!!!!
INFO  [2016-11-03 14:51:19,390] org.eclipse.jetty.server.handler.ContextHandler: Started i.d.j.MutableServletContextHandler@141e879d{/,null,AVAILABLE}
INFO  [2016-11-03 14:51:19,402] org.eclipse.jetty.server.ServerConnector: Started application@285c08c8{HTTP/1.1}{0.0.0.0:8901}
INFO  [2016-11-03 14:51:19,405] org.eclipse.jetty.server.ServerConnector: Started admin@295eaa7c{HTTP/1.1}{0.0.0.0:8902}
INFO  [2016-11-03 14:51:19,406] org.eclipse.jetty.server.Server: Started @2372ms
INFO  [2016-11-03 14:55:09,246] org.eclipse.jetty.server.ServerConnector: Stopped application@285c08c8{HTTP/1.1}{0.0.0.0:8901}
INFO  [2016-11-03 14:55:09,250] org.eclipse.jetty.server.ServerConnector: Stopped admin@295eaa7c{HTTP/1.1}{0.0.0.0:8902}
INFO  [2016-11-03 14:55:09,258] org.eclipse.jetty.server.handler.ContextHandler: Stopped i.d.j.MutableServletContextHandler@141e879d{/,null,UNAVAILABLE}
INFO  [2016-11-03 14:55:09,264] org.eclipse.jetty.server.handler.ContextHandler: Stopped i.d.j.MutableServletContextHandler@7a344b65{/,null,UNAVAILABLE}
INFO  [2016-11-03 14:55:21,991] io.dropwizard.cli.CheckCommand: Configuration is OK
INFO  [2016-11-03 14:55:25,022] org.eclipse.jetty.util.log: Logging initialized @1275ms
INFO  [2016-11-03 14:55:25,115] io.dropwizard.assets.AssetsBundle: Registering AssetBundle with name: assets for path /assets/*
INFO  [2016-11-03 14:55:25,170] io.dropwizard.server.ServerFactory: Starting DiscoveryDiaryApplication
INFO  [2016-11-03 14:55:25,287] org.eclipse.jetty.setuid.SetUIDListener: Opened application@285c08c8{HTTP/1.1}{0.0.0.0:8901}
INFO  [2016-11-03 14:55:25,287] org.eclipse.jetty.setuid.SetUIDListener: Opened admin@295eaa7c{HTTP/1.1}{0.0.0.0:8902}
INFO  [2016-11-03 14:55:25,291] org.eclipse.jetty.server.Server: jetty-9.2.z-SNAPSHOT
INFO  [2016-11-03 14:55:26,097] io.dropwizard.jersey.DropwizardResourceConfig: The following paths were found for the configured resources:

    GET     / (com.kainos.discoverydiary.resources.HomeResource)
    GET     /people (com.kainos.discoverydiary.resources.PeopleResource)
    GET     /people/add (com.kainos.discoverydiary.resources.PeopleResource)
    POST    /people/add (com.kainos.discoverydiary.resources.PeopleResource)

INFO  [2016-11-03 14:55:26,099] org.eclipse.jetty.server.handler.ContextHandler: Started i.d.j.MutableServletContextHandler@7a344b65{/,null,AVAILABLE}
INFO  [2016-11-03 14:55:26,104] io.dropwizard.setup.AdminEnvironment: tasks = 

    POST    /tasks/log-level (io.dropwizard.servlets.tasks.LogConfigurationTask)
    POST    /tasks/gc (io.dropwizard.servlets.tasks.GarbageCollectionTask)

WARN  [2016-11-03 14:55:26,104] io.dropwizard.setup.AdminEnvironment: 
!!!!!!!!!!!!!!!!!!!!!!!!!!!!!!!!!!!!!!!!!!!!!!!!!!!!!!!!!!!!!!!!!!!!!!!!!!!!!!!!
!!!!!!!!!!!!!!!!!!!!!!!!!!!!!!!!!!!!!!!!!!!!!!!!!!!!!!!!!!!!!!!!!!!!!!!!!!!!!!!!
!    THIS APPLICATION HAS NO HEALTHCHECKS. THIS MEANS YOU WILL NEVER KNOW      !
!     IF IT DIES IN PRODUCTION, WHICH MEANS YOU WILL NEVER KNOW IF YOU'RE      !
!    LETTING YOUR USERS DOWN. YOU SHOULD ADD A HEALTHCHECK FOR EACH OF YOUR    !
!         APPLICATION'S DEPENDENCIES WHICH FULLY (BUT LIGHTLY) TESTS IT.       !
!!!!!!!!!!!!!!!!!!!!!!!!!!!!!!!!!!!!!!!!!!!!!!!!!!!!!!!!!!!!!!!!!!!!!!!!!!!!!!!!
!!!!!!!!!!!!!!!!!!!!!!!!!!!!!!!!!!!!!!!!!!!!!!!!!!!!!!!!!!!!!!!!!!!!!!!!!!!!!!!!
INFO  [2016-11-03 14:55:26,111] org.eclipse.jetty.server.handler.ContextHandler: Started i.d.j.MutableServletContextHandler@141e879d{/,null,AVAILABLE}
INFO  [2016-11-03 14:55:26,126] org.eclipse.jetty.server.ServerConnector: Started application@285c08c8{HTTP/1.1}{0.0.0.0:8901}
INFO  [2016-11-03 14:55:26,129] org.eclipse.jetty.server.ServerConnector: Started admin@295eaa7c{HTTP/1.1}{0.0.0.0:8902}
INFO  [2016-11-03 14:55:26,130] org.eclipse.jetty.server.Server: Started @2384ms
INFO  [2016-11-03 15:02:19,699] org.eclipse.jetty.server.ServerConnector: Stopped application@285c08c8{HTTP/1.1}{0.0.0.0:8901}
INFO  [2016-11-03 15:02:19,700] org.eclipse.jetty.server.ServerConnector: Stopped admin@295eaa7c{HTTP/1.1}{0.0.0.0:8902}
INFO  [2016-11-03 15:02:19,701] org.eclipse.jetty.server.handler.ContextHandler: Stopped i.d.j.MutableServletContextHandler@141e879d{/,null,UNAVAILABLE}
INFO  [2016-11-03 15:02:19,706] org.eclipse.jetty.server.handler.ContextHandler: Stopped i.d.j.MutableServletContextHandler@7a344b65{/,null,UNAVAILABLE}
INFO  [2016-11-03 15:02:31,124] io.dropwizard.cli.CheckCommand: Configuration is OK
INFO  [2016-11-03 15:02:33,918] org.eclipse.jetty.util.log: Logging initialized @1205ms
INFO  [2016-11-03 15:02:34,008] io.dropwizard.assets.AssetsBundle: Registering AssetBundle with name: assets for path /assets/*
INFO  [2016-11-03 15:02:34,057] io.dropwizard.server.ServerFactory: Starting DiscoveryDiaryApplication
INFO  [2016-11-03 15:02:34,145] org.eclipse.jetty.setuid.SetUIDListener: Opened application@285c08c8{HTTP/1.1}{0.0.0.0:8901}
INFO  [2016-11-03 15:02:34,147] org.eclipse.jetty.setuid.SetUIDListener: Opened admin@295eaa7c{HTTP/1.1}{0.0.0.0:8902}
INFO  [2016-11-03 15:02:34,150] org.eclipse.jetty.server.Server: jetty-9.2.z-SNAPSHOT
INFO  [2016-11-03 15:02:34,837] io.dropwizard.jersey.DropwizardResourceConfig: The following paths were found for the configured resources:

    GET     / (com.kainos.discoverydiary.resources.HomeResource)
    GET     /people (com.kainos.discoverydiary.resources.PeopleResource)
    GET     /people/add (com.kainos.discoverydiary.resources.PeopleResource)
    POST    /people/add (com.kainos.discoverydiary.resources.PeopleResource)

INFO  [2016-11-03 15:02:34,840] org.eclipse.jetty.server.handler.ContextHandler: Started i.d.j.MutableServletContextHandler@7a344b65{/,null,AVAILABLE}
INFO  [2016-11-03 15:02:34,845] io.dropwizard.setup.AdminEnvironment: tasks = 

    POST    /tasks/log-level (io.dropwizard.servlets.tasks.LogConfigurationTask)
    POST    /tasks/gc (io.dropwizard.servlets.tasks.GarbageCollectionTask)

WARN  [2016-11-03 15:02:34,845] io.dropwizard.setup.AdminEnvironment: 
!!!!!!!!!!!!!!!!!!!!!!!!!!!!!!!!!!!!!!!!!!!!!!!!!!!!!!!!!!!!!!!!!!!!!!!!!!!!!!!!
!!!!!!!!!!!!!!!!!!!!!!!!!!!!!!!!!!!!!!!!!!!!!!!!!!!!!!!!!!!!!!!!!!!!!!!!!!!!!!!!
!    THIS APPLICATION HAS NO HEALTHCHECKS. THIS MEANS YOU WILL NEVER KNOW      !
!     IF IT DIES IN PRODUCTION, WHICH MEANS YOU WILL NEVER KNOW IF YOU'RE      !
!    LETTING YOUR USERS DOWN. YOU SHOULD ADD A HEALTHCHECK FOR EACH OF YOUR    !
!         APPLICATION'S DEPENDENCIES WHICH FULLY (BUT LIGHTLY) TESTS IT.       !
!!!!!!!!!!!!!!!!!!!!!!!!!!!!!!!!!!!!!!!!!!!!!!!!!!!!!!!!!!!!!!!!!!!!!!!!!!!!!!!!
!!!!!!!!!!!!!!!!!!!!!!!!!!!!!!!!!!!!!!!!!!!!!!!!!!!!!!!!!!!!!!!!!!!!!!!!!!!!!!!!
INFO  [2016-11-03 15:02:34,849] org.eclipse.jetty.server.handler.ContextHandler: Started i.d.j.MutableServletContextHandler@141e879d{/,null,AVAILABLE}
INFO  [2016-11-03 15:02:34,858] org.eclipse.jetty.server.ServerConnector: Started application@285c08c8{HTTP/1.1}{0.0.0.0:8901}
INFO  [2016-11-03 15:02:34,861] org.eclipse.jetty.server.ServerConnector: Started admin@295eaa7c{HTTP/1.1}{0.0.0.0:8902}
INFO  [2016-11-03 15:02:34,862] org.eclipse.jetty.server.Server: Started @2151ms
INFO  [2016-11-03 15:03:27,391] org.eclipse.jetty.server.ServerConnector: Stopped application@285c08c8{HTTP/1.1}{0.0.0.0:8901}
INFO  [2016-11-03 15:03:27,392] org.eclipse.jetty.server.ServerConnector: Stopped admin@295eaa7c{HTTP/1.1}{0.0.0.0:8902}
INFO  [2016-11-03 15:03:27,393] org.eclipse.jetty.server.handler.ContextHandler: Stopped i.d.j.MutableServletContextHandler@141e879d{/,null,UNAVAILABLE}
INFO  [2016-11-03 15:03:27,398] org.eclipse.jetty.server.handler.ContextHandler: Stopped i.d.j.MutableServletContextHandler@7a344b65{/,null,UNAVAILABLE}
INFO  [2016-11-03 15:03:40,452] io.dropwizard.cli.CheckCommand: Configuration is OK
INFO  [2016-11-03 15:03:43,446] org.eclipse.jetty.util.log: Logging initialized @1330ms
INFO  [2016-11-03 15:03:43,568] io.dropwizard.assets.AssetsBundle: Registering AssetBundle with name: assets for path /assets/*
INFO  [2016-11-03 15:03:43,631] io.dropwizard.server.ServerFactory: Starting DiscoveryDiaryApplication
INFO  [2016-11-03 15:03:43,760] org.eclipse.jetty.setuid.SetUIDListener: Opened application@285c08c8{HTTP/1.1}{0.0.0.0:8901}
INFO  [2016-11-03 15:03:43,761] org.eclipse.jetty.setuid.SetUIDListener: Opened admin@295eaa7c{HTTP/1.1}{0.0.0.0:8902}
INFO  [2016-11-03 15:03:43,766] org.eclipse.jetty.server.Server: jetty-9.2.z-SNAPSHOT
INFO  [2016-11-03 15:03:44,590] io.dropwizard.jersey.DropwizardResourceConfig: The following paths were found for the configured resources:

    GET     / (com.kainos.discoverydiary.resources.HomeResource)
    GET     /people (com.kainos.discoverydiary.resources.PeopleResource)
    GET     /people/add (com.kainos.discoverydiary.resources.PeopleResource)
    POST    /people/add (com.kainos.discoverydiary.resources.PeopleResource)

INFO  [2016-11-03 15:03:44,593] org.eclipse.jetty.server.handler.ContextHandler: Started i.d.j.MutableServletContextHandler@7a344b65{/,null,AVAILABLE}
INFO  [2016-11-03 15:03:44,603] io.dropwizard.setup.AdminEnvironment: tasks = 

    POST    /tasks/log-level (io.dropwizard.servlets.tasks.LogConfigurationTask)
    POST    /tasks/gc (io.dropwizard.servlets.tasks.GarbageCollectionTask)

WARN  [2016-11-03 15:03:44,603] io.dropwizard.setup.AdminEnvironment: 
!!!!!!!!!!!!!!!!!!!!!!!!!!!!!!!!!!!!!!!!!!!!!!!!!!!!!!!!!!!!!!!!!!!!!!!!!!!!!!!!
!!!!!!!!!!!!!!!!!!!!!!!!!!!!!!!!!!!!!!!!!!!!!!!!!!!!!!!!!!!!!!!!!!!!!!!!!!!!!!!!
!    THIS APPLICATION HAS NO HEALTHCHECKS. THIS MEANS YOU WILL NEVER KNOW      !
!     IF IT DIES IN PRODUCTION, WHICH MEANS YOU WILL NEVER KNOW IF YOU'RE      !
!    LETTING YOUR USERS DOWN. YOU SHOULD ADD A HEALTHCHECK FOR EACH OF YOUR    !
!         APPLICATION'S DEPENDENCIES WHICH FULLY (BUT LIGHTLY) TESTS IT.       !
!!!!!!!!!!!!!!!!!!!!!!!!!!!!!!!!!!!!!!!!!!!!!!!!!!!!!!!!!!!!!!!!!!!!!!!!!!!!!!!!
!!!!!!!!!!!!!!!!!!!!!!!!!!!!!!!!!!!!!!!!!!!!!!!!!!!!!!!!!!!!!!!!!!!!!!!!!!!!!!!!
INFO  [2016-11-03 15:03:44,609] org.eclipse.jetty.server.handler.ContextHandler: Started i.d.j.MutableServletContextHandler@141e879d{/,null,AVAILABLE}
INFO  [2016-11-03 15:03:44,628] org.eclipse.jetty.server.ServerConnector: Started application@285c08c8{HTTP/1.1}{0.0.0.0:8901}
INFO  [2016-11-03 15:03:44,631] org.eclipse.jetty.server.ServerConnector: Started admin@295eaa7c{HTTP/1.1}{0.0.0.0:8902}
INFO  [2016-11-03 15:03:44,631] org.eclipse.jetty.server.Server: Started @2518ms
INFO  [2016-11-03 15:04:47,741] org.eclipse.jetty.server.ServerConnector: Stopped application@285c08c8{HTTP/1.1}{0.0.0.0:8901}
INFO  [2016-11-03 15:04:47,742] org.eclipse.jetty.server.ServerConnector: Stopped admin@295eaa7c{HTTP/1.1}{0.0.0.0:8902}
INFO  [2016-11-03 15:04:47,743] org.eclipse.jetty.server.handler.ContextHandler: Stopped i.d.j.MutableServletContextHandler@141e879d{/,null,UNAVAILABLE}
INFO  [2016-11-03 15:04:47,745] org.eclipse.jetty.server.handler.ContextHandler: Stopped i.d.j.MutableServletContextHandler@7a344b65{/,null,UNAVAILABLE}
INFO  [2016-11-03 15:05:00,619] io.dropwizard.cli.CheckCommand: Configuration is OK
INFO  [2016-11-03 15:05:03,658] org.eclipse.jetty.util.log: Logging initialized @1281ms
INFO  [2016-11-03 15:05:03,761] io.dropwizard.assets.AssetsBundle: Registering AssetBundle with name: assets for path /assets/*
INFO  [2016-11-03 15:05:03,826] io.dropwizard.server.ServerFactory: Starting DiscoveryDiaryApplication
INFO  [2016-11-03 15:05:03,922] org.eclipse.jetty.setuid.SetUIDListener: Opened application@285c08c8{HTTP/1.1}{0.0.0.0:8901}
INFO  [2016-11-03 15:05:03,923] org.eclipse.jetty.setuid.SetUIDListener: Opened admin@295eaa7c{HTTP/1.1}{0.0.0.0:8902}
INFO  [2016-11-03 15:05:03,926] org.eclipse.jetty.server.Server: jetty-9.2.z-SNAPSHOT
INFO  [2016-11-03 15:05:04,880] io.dropwizard.jersey.DropwizardResourceConfig: The following paths were found for the configured resources:

    GET     / (com.kainos.discoverydiary.resources.HomeResource)
    GET     /people (com.kainos.discoverydiary.resources.PeopleResource)
    GET     /people/add (com.kainos.discoverydiary.resources.PeopleResource)
    POST    /people/add (com.kainos.discoverydiary.resources.PeopleResource)

INFO  [2016-11-03 15:05:04,882] org.eclipse.jetty.server.handler.ContextHandler: Started i.d.j.MutableServletContextHandler@7a344b65{/,null,AVAILABLE}
INFO  [2016-11-03 15:05:04,888] io.dropwizard.setup.AdminEnvironment: tasks = 

    POST    /tasks/log-level (io.dropwizard.servlets.tasks.LogConfigurationTask)
    POST    /tasks/gc (io.dropwizard.servlets.tasks.GarbageCollectionTask)

WARN  [2016-11-03 15:05:04,889] io.dropwizard.setup.AdminEnvironment: 
!!!!!!!!!!!!!!!!!!!!!!!!!!!!!!!!!!!!!!!!!!!!!!!!!!!!!!!!!!!!!!!!!!!!!!!!!!!!!!!!
!!!!!!!!!!!!!!!!!!!!!!!!!!!!!!!!!!!!!!!!!!!!!!!!!!!!!!!!!!!!!!!!!!!!!!!!!!!!!!!!
!    THIS APPLICATION HAS NO HEALTHCHECKS. THIS MEANS YOU WILL NEVER KNOW      !
!     IF IT DIES IN PRODUCTION, WHICH MEANS YOU WILL NEVER KNOW IF YOU'RE      !
!    LETTING YOUR USERS DOWN. YOU SHOULD ADD A HEALTHCHECK FOR EACH OF YOUR    !
!         APPLICATION'S DEPENDENCIES WHICH FULLY (BUT LIGHTLY) TESTS IT.       !
!!!!!!!!!!!!!!!!!!!!!!!!!!!!!!!!!!!!!!!!!!!!!!!!!!!!!!!!!!!!!!!!!!!!!!!!!!!!!!!!
!!!!!!!!!!!!!!!!!!!!!!!!!!!!!!!!!!!!!!!!!!!!!!!!!!!!!!!!!!!!!!!!!!!!!!!!!!!!!!!!
INFO  [2016-11-03 15:05:04,894] org.eclipse.jetty.server.handler.ContextHandler: Started i.d.j.MutableServletContextHandler@141e879d{/,null,AVAILABLE}
INFO  [2016-11-03 15:05:04,905] org.eclipse.jetty.server.ServerConnector: Started application@285c08c8{HTTP/1.1}{0.0.0.0:8901}
INFO  [2016-11-03 15:05:04,907] org.eclipse.jetty.server.ServerConnector: Started admin@295eaa7c{HTTP/1.1}{0.0.0.0:8902}
INFO  [2016-11-03 15:05:04,908] org.eclipse.jetty.server.Server: Started @2532ms
INFO  [2016-11-03 15:06:06,967] org.eclipse.jetty.server.ServerConnector: Stopped application@285c08c8{HTTP/1.1}{0.0.0.0:8901}
INFO  [2016-11-03 15:06:06,968] org.eclipse.jetty.server.ServerConnector: Stopped admin@295eaa7c{HTTP/1.1}{0.0.0.0:8902}
INFO  [2016-11-03 15:06:06,970] org.eclipse.jetty.server.handler.ContextHandler: Stopped i.d.j.MutableServletContextHandler@141e879d{/,null,UNAVAILABLE}
INFO  [2016-11-03 15:06:06,974] org.eclipse.jetty.server.handler.ContextHandler: Stopped i.d.j.MutableServletContextHandler@7a344b65{/,null,UNAVAILABLE}
INFO  [2016-11-03 15:06:19,135] io.dropwizard.cli.CheckCommand: Configuration is OK
INFO  [2016-11-03 15:06:22,125] org.eclipse.jetty.util.log: Logging initialized @1263ms
INFO  [2016-11-03 15:06:22,224] io.dropwizard.assets.AssetsBundle: Registering AssetBundle with name: assets for path /assets/*
INFO  [2016-11-03 15:06:22,272] io.dropwizard.server.ServerFactory: Starting DiscoveryDiaryApplication
INFO  [2016-11-03 15:06:22,385] org.eclipse.jetty.setuid.SetUIDListener: Opened application@285c08c8{HTTP/1.1}{0.0.0.0:8901}
INFO  [2016-11-03 15:06:22,386] org.eclipse.jetty.setuid.SetUIDListener: Opened admin@295eaa7c{HTTP/1.1}{0.0.0.0:8902}
INFO  [2016-11-03 15:06:22,390] org.eclipse.jetty.server.Server: jetty-9.2.z-SNAPSHOT
INFO  [2016-11-03 15:06:23,147] io.dropwizard.jersey.DropwizardResourceConfig: The following paths were found for the configured resources:

    GET     / (com.kainos.discoverydiary.resources.HomeResource)
    GET     /people (com.kainos.discoverydiary.resources.PeopleResource)
    GET     /people/add (com.kainos.discoverydiary.resources.PeopleResource)
    POST    /people/add (com.kainos.discoverydiary.resources.PeopleResource)

INFO  [2016-11-03 15:06:23,150] org.eclipse.jetty.server.handler.ContextHandler: Started i.d.j.MutableServletContextHandler@7a344b65{/,null,AVAILABLE}
INFO  [2016-11-03 15:06:23,155] io.dropwizard.setup.AdminEnvironment: tasks = 

    POST    /tasks/log-level (io.dropwizard.servlets.tasks.LogConfigurationTask)
    POST    /tasks/gc (io.dropwizard.servlets.tasks.GarbageCollectionTask)

WARN  [2016-11-03 15:06:23,157] io.dropwizard.setup.AdminEnvironment: 
!!!!!!!!!!!!!!!!!!!!!!!!!!!!!!!!!!!!!!!!!!!!!!!!!!!!!!!!!!!!!!!!!!!!!!!!!!!!!!!!
!!!!!!!!!!!!!!!!!!!!!!!!!!!!!!!!!!!!!!!!!!!!!!!!!!!!!!!!!!!!!!!!!!!!!!!!!!!!!!!!
!    THIS APPLICATION HAS NO HEALTHCHECKS. THIS MEANS YOU WILL NEVER KNOW      !
!     IF IT DIES IN PRODUCTION, WHICH MEANS YOU WILL NEVER KNOW IF YOU'RE      !
!    LETTING YOUR USERS DOWN. YOU SHOULD ADD A HEALTHCHECK FOR EACH OF YOUR    !
!         APPLICATION'S DEPENDENCIES WHICH FULLY (BUT LIGHTLY) TESTS IT.       !
!!!!!!!!!!!!!!!!!!!!!!!!!!!!!!!!!!!!!!!!!!!!!!!!!!!!!!!!!!!!!!!!!!!!!!!!!!!!!!!!
!!!!!!!!!!!!!!!!!!!!!!!!!!!!!!!!!!!!!!!!!!!!!!!!!!!!!!!!!!!!!!!!!!!!!!!!!!!!!!!!
INFO  [2016-11-03 15:06:23,162] org.eclipse.jetty.server.handler.ContextHandler: Started i.d.j.MutableServletContextHandler@141e879d{/,null,AVAILABLE}
INFO  [2016-11-03 15:06:23,175] org.eclipse.jetty.server.ServerConnector: Started application@285c08c8{HTTP/1.1}{0.0.0.0:8901}
INFO  [2016-11-03 15:06:23,177] org.eclipse.jetty.server.ServerConnector: Started admin@295eaa7c{HTTP/1.1}{0.0.0.0:8902}
INFO  [2016-11-03 15:06:23,177] org.eclipse.jetty.server.Server: Started @2317ms
INFO  [2016-11-03 15:07:34,287] org.eclipse.jetty.server.ServerConnector: Stopped application@285c08c8{HTTP/1.1}{0.0.0.0:8901}
INFO  [2016-11-03 15:07:34,288] org.eclipse.jetty.server.ServerConnector: Stopped admin@295eaa7c{HTTP/1.1}{0.0.0.0:8902}
INFO  [2016-11-03 15:07:34,289] org.eclipse.jetty.server.handler.ContextHandler: Stopped i.d.j.MutableServletContextHandler@141e879d{/,null,UNAVAILABLE}
INFO  [2016-11-03 15:07:34,292] org.eclipse.jetty.server.handler.ContextHandler: Stopped i.d.j.MutableServletContextHandler@7a344b65{/,null,UNAVAILABLE}
INFO  [2016-11-03 15:07:47,443] io.dropwizard.cli.CheckCommand: Configuration is OK
INFO  [2016-11-03 15:07:50,531] org.eclipse.jetty.util.log: Logging initialized @1403ms
INFO  [2016-11-03 15:07:50,653] io.dropwizard.assets.AssetsBundle: Registering AssetBundle with name: assets for path /assets/*
INFO  [2016-11-03 15:07:50,737] io.dropwizard.server.ServerFactory: Starting DiscoveryDiaryApplication
INFO  [2016-11-03 15:07:50,850] org.eclipse.jetty.setuid.SetUIDListener: Opened application@285c08c8{HTTP/1.1}{0.0.0.0:8901}
INFO  [2016-11-03 15:07:50,851] org.eclipse.jetty.setuid.SetUIDListener: Opened admin@295eaa7c{HTTP/1.1}{0.0.0.0:8902}
INFO  [2016-11-03 15:07:50,854] org.eclipse.jetty.server.Server: jetty-9.2.z-SNAPSHOT
INFO  [2016-11-03 15:07:51,635] io.dropwizard.jersey.DropwizardResourceConfig: The following paths were found for the configured resources:

    GET     / (com.kainos.discoverydiary.resources.HomeResource)
    GET     /people (com.kainos.discoverydiary.resources.PeopleResource)
    GET     /people/add (com.kainos.discoverydiary.resources.PeopleResource)
    POST    /people/add (com.kainos.discoverydiary.resources.PeopleResource)

INFO  [2016-11-03 15:07:51,638] org.eclipse.jetty.server.handler.ContextHandler: Started i.d.j.MutableServletContextHandler@7a344b65{/,null,AVAILABLE}
INFO  [2016-11-03 15:07:51,644] io.dropwizard.setup.AdminEnvironment: tasks = 

    POST    /tasks/log-level (io.dropwizard.servlets.tasks.LogConfigurationTask)
    POST    /tasks/gc (io.dropwizard.servlets.tasks.GarbageCollectionTask)

WARN  [2016-11-03 15:07:51,645] io.dropwizard.setup.AdminEnvironment: 
!!!!!!!!!!!!!!!!!!!!!!!!!!!!!!!!!!!!!!!!!!!!!!!!!!!!!!!!!!!!!!!!!!!!!!!!!!!!!!!!
!!!!!!!!!!!!!!!!!!!!!!!!!!!!!!!!!!!!!!!!!!!!!!!!!!!!!!!!!!!!!!!!!!!!!!!!!!!!!!!!
!    THIS APPLICATION HAS NO HEALTHCHECKS. THIS MEANS YOU WILL NEVER KNOW      !
!     IF IT DIES IN PRODUCTION, WHICH MEANS YOU WILL NEVER KNOW IF YOU'RE      !
!    LETTING YOUR USERS DOWN. YOU SHOULD ADD A HEALTHCHECK FOR EACH OF YOUR    !
!         APPLICATION'S DEPENDENCIES WHICH FULLY (BUT LIGHTLY) TESTS IT.       !
!!!!!!!!!!!!!!!!!!!!!!!!!!!!!!!!!!!!!!!!!!!!!!!!!!!!!!!!!!!!!!!!!!!!!!!!!!!!!!!!
!!!!!!!!!!!!!!!!!!!!!!!!!!!!!!!!!!!!!!!!!!!!!!!!!!!!!!!!!!!!!!!!!!!!!!!!!!!!!!!!
INFO  [2016-11-03 15:07:51,649] org.eclipse.jetty.server.handler.ContextHandler: Started i.d.j.MutableServletContextHandler@141e879d{/,null,AVAILABLE}
INFO  [2016-11-03 15:07:51,662] org.eclipse.jetty.server.ServerConnector: Started application@285c08c8{HTTP/1.1}{0.0.0.0:8901}
INFO  [2016-11-03 15:07:51,665] org.eclipse.jetty.server.ServerConnector: Started admin@295eaa7c{HTTP/1.1}{0.0.0.0:8902}
INFO  [2016-11-03 15:07:51,665] org.eclipse.jetty.server.Server: Started @2541ms
INFO  [2016-11-03 15:09:11,611] org.eclipse.jetty.server.ServerConnector: Stopped application@285c08c8{HTTP/1.1}{0.0.0.0:8901}
INFO  [2016-11-03 15:09:11,611] org.eclipse.jetty.server.ServerConnector: Stopped admin@295eaa7c{HTTP/1.1}{0.0.0.0:8902}
INFO  [2016-11-03 15:09:11,612] org.eclipse.jetty.server.handler.ContextHandler: Stopped i.d.j.MutableServletContextHandler@141e879d{/,null,UNAVAILABLE}
INFO  [2016-11-03 15:09:11,615] org.eclipse.jetty.server.handler.ContextHandler: Stopped i.d.j.MutableServletContextHandler@7a344b65{/,null,UNAVAILABLE}
INFO  [2016-11-03 15:09:24,751] io.dropwizard.cli.CheckCommand: Configuration is OK
INFO  [2016-11-03 15:09:27,869] org.eclipse.jetty.util.log: Logging initialized @1324ms
INFO  [2016-11-03 15:09:27,963] io.dropwizard.assets.AssetsBundle: Registering AssetBundle with name: assets for path /assets/*
INFO  [2016-11-03 15:09:28,014] io.dropwizard.server.ServerFactory: Starting DiscoveryDiaryApplication
INFO  [2016-11-03 15:09:28,135] org.eclipse.jetty.setuid.SetUIDListener: Opened application@285c08c8{HTTP/1.1}{0.0.0.0:8901}
INFO  [2016-11-03 15:09:28,135] org.eclipse.jetty.setuid.SetUIDListener: Opened admin@295eaa7c{HTTP/1.1}{0.0.0.0:8902}
INFO  [2016-11-03 15:09:28,140] org.eclipse.jetty.server.Server: jetty-9.2.z-SNAPSHOT
INFO  [2016-11-03 15:09:28,935] io.dropwizard.jersey.DropwizardResourceConfig: The following paths were found for the configured resources:

    GET     / (com.kainos.discoverydiary.resources.HomeResource)
    GET     /people (com.kainos.discoverydiary.resources.PeopleResource)
    GET     /people/add (com.kainos.discoverydiary.resources.PeopleResource)
    POST    /people/add (com.kainos.discoverydiary.resources.PeopleResource)

INFO  [2016-11-03 15:09:28,937] org.eclipse.jetty.server.handler.ContextHandler: Started i.d.j.MutableServletContextHandler@7a344b65{/,null,AVAILABLE}
INFO  [2016-11-03 15:09:28,943] io.dropwizard.setup.AdminEnvironment: tasks = 

    POST    /tasks/log-level (io.dropwizard.servlets.tasks.LogConfigurationTask)
    POST    /tasks/gc (io.dropwizard.servlets.tasks.GarbageCollectionTask)

WARN  [2016-11-03 15:09:28,944] io.dropwizard.setup.AdminEnvironment: 
!!!!!!!!!!!!!!!!!!!!!!!!!!!!!!!!!!!!!!!!!!!!!!!!!!!!!!!!!!!!!!!!!!!!!!!!!!!!!!!!
!!!!!!!!!!!!!!!!!!!!!!!!!!!!!!!!!!!!!!!!!!!!!!!!!!!!!!!!!!!!!!!!!!!!!!!!!!!!!!!!
!    THIS APPLICATION HAS NO HEALTHCHECKS. THIS MEANS YOU WILL NEVER KNOW      !
!     IF IT DIES IN PRODUCTION, WHICH MEANS YOU WILL NEVER KNOW IF YOU'RE      !
!    LETTING YOUR USERS DOWN. YOU SHOULD ADD A HEALTHCHECK FOR EACH OF YOUR    !
!         APPLICATION'S DEPENDENCIES WHICH FULLY (BUT LIGHTLY) TESTS IT.       !
!!!!!!!!!!!!!!!!!!!!!!!!!!!!!!!!!!!!!!!!!!!!!!!!!!!!!!!!!!!!!!!!!!!!!!!!!!!!!!!!
!!!!!!!!!!!!!!!!!!!!!!!!!!!!!!!!!!!!!!!!!!!!!!!!!!!!!!!!!!!!!!!!!!!!!!!!!!!!!!!!
INFO  [2016-11-03 15:09:28,948] org.eclipse.jetty.server.handler.ContextHandler: Started i.d.j.MutableServletContextHandler@141e879d{/,null,AVAILABLE}
INFO  [2016-11-03 15:09:28,959] org.eclipse.jetty.server.ServerConnector: Started application@285c08c8{HTTP/1.1}{0.0.0.0:8901}
INFO  [2016-11-03 15:09:28,962] org.eclipse.jetty.server.ServerConnector: Started admin@295eaa7c{HTTP/1.1}{0.0.0.0:8902}
INFO  [2016-11-03 15:09:28,962] org.eclipse.jetty.server.Server: Started @2419ms
INFO  [2016-11-03 15:12:00,462] org.eclipse.jetty.server.ServerConnector: Stopped application@285c08c8{HTTP/1.1}{0.0.0.0:8901}
INFO  [2016-11-03 15:12:00,462] org.eclipse.jetty.server.ServerConnector: Stopped admin@295eaa7c{HTTP/1.1}{0.0.0.0:8902}
INFO  [2016-11-03 15:12:00,464] org.eclipse.jetty.server.handler.ContextHandler: Stopped i.d.j.MutableServletContextHandler@141e879d{/,null,UNAVAILABLE}
INFO  [2016-11-03 15:12:00,467] org.eclipse.jetty.server.handler.ContextHandler: Stopped i.d.j.MutableServletContextHandler@7a344b65{/,null,UNAVAILABLE}
INFO  [2016-11-03 15:12:13,171] io.dropwizard.cli.CheckCommand: Configuration is OK
INFO  [2016-11-03 15:12:16,805] org.eclipse.jetty.util.log: Logging initialized @1510ms
INFO  [2016-11-03 15:12:16,874] io.dropwizard.assets.AssetsBundle: Registering AssetBundle with name: assets for path /assets/*
INFO  [2016-11-03 15:12:16,907] io.dropwizard.server.ServerFactory: Starting DiscoveryDiaryApplication
INFO  [2016-11-03 15:12:17,004] org.eclipse.jetty.setuid.SetUIDListener: Opened application@285c08c8{HTTP/1.1}{0.0.0.0:8901}
INFO  [2016-11-03 15:12:17,004] org.eclipse.jetty.setuid.SetUIDListener: Opened admin@295eaa7c{HTTP/1.1}{0.0.0.0:8902}
INFO  [2016-11-03 15:12:17,006] org.eclipse.jetty.server.Server: jetty-9.2.z-SNAPSHOT
INFO  [2016-11-03 15:12:17,723] io.dropwizard.jersey.DropwizardResourceConfig: The following paths were found for the configured resources:

    GET     / (com.kainos.discoverydiary.resources.HomeResource)
    GET     /people (com.kainos.discoverydiary.resources.PeopleResource)
    GET     /people/add (com.kainos.discoverydiary.resources.PeopleResource)
    POST    /people/add (com.kainos.discoverydiary.resources.PeopleResource)

INFO  [2016-11-03 15:12:17,726] org.eclipse.jetty.server.handler.ContextHandler: Started i.d.j.MutableServletContextHandler@7a344b65{/,null,AVAILABLE}
INFO  [2016-11-03 15:12:17,733] io.dropwizard.setup.AdminEnvironment: tasks = 

    POST    /tasks/log-level (io.dropwizard.servlets.tasks.LogConfigurationTask)
    POST    /tasks/gc (io.dropwizard.servlets.tasks.GarbageCollectionTask)

WARN  [2016-11-03 15:12:17,734] io.dropwizard.setup.AdminEnvironment: 
!!!!!!!!!!!!!!!!!!!!!!!!!!!!!!!!!!!!!!!!!!!!!!!!!!!!!!!!!!!!!!!!!!!!!!!!!!!!!!!!
!!!!!!!!!!!!!!!!!!!!!!!!!!!!!!!!!!!!!!!!!!!!!!!!!!!!!!!!!!!!!!!!!!!!!!!!!!!!!!!!
!    THIS APPLICATION HAS NO HEALTHCHECKS. THIS MEANS YOU WILL NEVER KNOW      !
!     IF IT DIES IN PRODUCTION, WHICH MEANS YOU WILL NEVER KNOW IF YOU'RE      !
!    LETTING YOUR USERS DOWN. YOU SHOULD ADD A HEALTHCHECK FOR EACH OF YOUR    !
!         APPLICATION'S DEPENDENCIES WHICH FULLY (BUT LIGHTLY) TESTS IT.       !
!!!!!!!!!!!!!!!!!!!!!!!!!!!!!!!!!!!!!!!!!!!!!!!!!!!!!!!!!!!!!!!!!!!!!!!!!!!!!!!!
!!!!!!!!!!!!!!!!!!!!!!!!!!!!!!!!!!!!!!!!!!!!!!!!!!!!!!!!!!!!!!!!!!!!!!!!!!!!!!!!
INFO  [2016-11-03 15:12:17,739] org.eclipse.jetty.server.handler.ContextHandler: Started i.d.j.MutableServletContextHandler@141e879d{/,null,AVAILABLE}
INFO  [2016-11-03 15:12:17,756] org.eclipse.jetty.server.ServerConnector: Started application@285c08c8{HTTP/1.1}{0.0.0.0:8901}
INFO  [2016-11-03 15:12:17,760] org.eclipse.jetty.server.ServerConnector: Started admin@295eaa7c{HTTP/1.1}{0.0.0.0:8902}
INFO  [2016-11-03 15:12:17,760] org.eclipse.jetty.server.Server: Started @2466ms
INFO  [2016-11-03 15:13:17,704] org.eclipse.jetty.server.ServerConnector: Stopped application@285c08c8{HTTP/1.1}{0.0.0.0:8901}
INFO  [2016-11-03 15:13:17,706] org.eclipse.jetty.server.ServerConnector: Stopped admin@295eaa7c{HTTP/1.1}{0.0.0.0:8902}
INFO  [2016-11-03 15:13:17,707] org.eclipse.jetty.server.handler.ContextHandler: Stopped i.d.j.MutableServletContextHandler@141e879d{/,null,UNAVAILABLE}
INFO  [2016-11-03 15:13:17,710] org.eclipse.jetty.server.handler.ContextHandler: Stopped i.d.j.MutableServletContextHandler@7a344b65{/,null,UNAVAILABLE}
INFO  [2016-11-03 15:13:30,996] io.dropwizard.cli.CheckCommand: Configuration is OK
INFO  [2016-11-03 15:13:34,295] org.eclipse.jetty.util.log: Logging initialized @1436ms
INFO  [2016-11-03 15:13:34,395] io.dropwizard.assets.AssetsBundle: Registering AssetBundle with name: assets for path /assets/*
INFO  [2016-11-03 15:13:34,472] io.dropwizard.server.ServerFactory: Starting DiscoveryDiaryApplication
INFO  [2016-11-03 15:13:34,575] org.eclipse.jetty.setuid.SetUIDListener: Opened application@285c08c8{HTTP/1.1}{0.0.0.0:8901}
INFO  [2016-11-03 15:13:34,577] org.eclipse.jetty.setuid.SetUIDListener: Opened admin@295eaa7c{HTTP/1.1}{0.0.0.0:8902}
INFO  [2016-11-03 15:13:34,581] org.eclipse.jetty.server.Server: jetty-9.2.z-SNAPSHOT
INFO  [2016-11-03 15:13:35,307] io.dropwizard.jersey.DropwizardResourceConfig: The following paths were found for the configured resources:

    GET     / (com.kainos.discoverydiary.resources.HomeResource)
    GET     /people (com.kainos.discoverydiary.resources.PeopleResource)
    GET     /people/add (com.kainos.discoverydiary.resources.PeopleResource)
    POST    /people/add (com.kainos.discoverydiary.resources.PeopleResource)

INFO  [2016-11-03 15:13:35,309] org.eclipse.jetty.server.handler.ContextHandler: Started i.d.j.MutableServletContextHandler@7a344b65{/,null,AVAILABLE}
INFO  [2016-11-03 15:13:35,314] io.dropwizard.setup.AdminEnvironment: tasks = 

    POST    /tasks/log-level (io.dropwizard.servlets.tasks.LogConfigurationTask)
    POST    /tasks/gc (io.dropwizard.servlets.tasks.GarbageCollectionTask)

WARN  [2016-11-03 15:13:35,314] io.dropwizard.setup.AdminEnvironment: 
!!!!!!!!!!!!!!!!!!!!!!!!!!!!!!!!!!!!!!!!!!!!!!!!!!!!!!!!!!!!!!!!!!!!!!!!!!!!!!!!
!!!!!!!!!!!!!!!!!!!!!!!!!!!!!!!!!!!!!!!!!!!!!!!!!!!!!!!!!!!!!!!!!!!!!!!!!!!!!!!!
!    THIS APPLICATION HAS NO HEALTHCHECKS. THIS MEANS YOU WILL NEVER KNOW      !
!     IF IT DIES IN PRODUCTION, WHICH MEANS YOU WILL NEVER KNOW IF YOU'RE      !
!    LETTING YOUR USERS DOWN. YOU SHOULD ADD A HEALTHCHECK FOR EACH OF YOUR    !
!         APPLICATION'S DEPENDENCIES WHICH FULLY (BUT LIGHTLY) TESTS IT.       !
!!!!!!!!!!!!!!!!!!!!!!!!!!!!!!!!!!!!!!!!!!!!!!!!!!!!!!!!!!!!!!!!!!!!!!!!!!!!!!!!
!!!!!!!!!!!!!!!!!!!!!!!!!!!!!!!!!!!!!!!!!!!!!!!!!!!!!!!!!!!!!!!!!!!!!!!!!!!!!!!!
INFO  [2016-11-03 15:13:35,320] org.eclipse.jetty.server.handler.ContextHandler: Started i.d.j.MutableServletContextHandler@141e879d{/,null,AVAILABLE}
INFO  [2016-11-03 15:13:35,330] org.eclipse.jetty.server.ServerConnector: Started application@285c08c8{HTTP/1.1}{0.0.0.0:8901}
INFO  [2016-11-03 15:13:35,332] org.eclipse.jetty.server.ServerConnector: Started admin@295eaa7c{HTTP/1.1}{0.0.0.0:8902}
INFO  [2016-11-03 15:13:35,332] org.eclipse.jetty.server.Server: Started @2475ms
